15:34:47; 8192; Non-static method Post::find_all_posts() should not be called statically; C:\xampp\htdocs\refector\app\controllers\Pages.php; 33
15:34:47; 8192; Non-static method Database::connection() should not be called statically; C:\xampp\htdocs\refector\app\libraries\Database.php; 22
15:34:48; 8192; Non-static method Database::connection() should not be called statically; C:\xampp\htdocs\refector\app\libraries\Database.php; 22
15:34:48; 8192; Non-static method Database::connection() should not be called statically; C:\xampp\htdocs\refector\app\libraries\Database.php; 22
16:03:41; 8192; Non-static method Post::find_all_posts() should not be called statically; C:\xampp\htdocs\refector\app\controllers\Pages.php; 33
16:03:41; 8192; Non-static method Database::connection() should not be called statically; C:\xampp\htdocs\refector\app\libraries\Database.php; 22
16:03:41; 8192; Non-static method Database::connection() should not be called statically; C:\xampp\htdocs\refector\app\libraries\Database.php; 22
16:03:41; 8192; Non-static method Database::connection() should not be called statically; C:\xampp\htdocs\refector\app\libraries\Database.php; 22
16:03:56; 8192; Non-static method Database::connection() should not be called statically; C:\xampp\htdocs\refector\app\libraries\Database.php; 22
16:03:57; 8192; Non-static method Database::connection() should not be called statically; C:\xampp\htdocs\refector\app\libraries\Database.php; 22
16:03:57; 8192; Non-static method Database::connection() should not be called statically; C:\xampp\htdocs\refector\app\libraries\Database.php; 22
16:03:57; 8192; Non-static method Database::connection() should not be called statically; C:\xampp\htdocs\refector\app\libraries\Database.php; 22
16:03:57; 8192; Non-static method Database::connection() should not be called statically; C:\xampp\htdocs\refector\app\libraries\Database.php; 22
16:03:57; 8192; Non-static method Database::connection() should not be called statically; C:\xampp\htdocs\refector\app\libraries\Database.php; 22
16:03:57; 8192; Non-static method Database::connection() should not be called statically; C:\xampp\htdocs\refector\app\libraries\Database.php; 22
16:03:57; 8192; Non-static method Database::connection() should not be called statically; C:\xampp\htdocs\refector\app\libraries\Database.php; 22
16:03:57; 8192; Non-static method Database::connection() should not be called statically; C:\xampp\htdocs\refector\app\libraries\Database.php; 22
16:03:57; 8192; Non-static method Database::connection() should not be called statically; C:\xampp\htdocs\refector\app\libraries\Database.php; 22
16:03:57; 8192; Non-static method Database::connection() should not be called statically; C:\xampp\htdocs\refector\app\libraries\Database.php; 22
16:03:57; 8192; Non-static method Database::connection() should not be called statically; C:\xampp\htdocs\refector\app\libraries\Database.php; 22
16:03:57; 8192; Non-static method Database::connection() should not be called statically; C:\xampp\htdocs\refector\app\libraries\Database.php; 22
16:03:57; 8192; Non-static method Database::connection() should not be called statically; C:\xampp\htdocs\refector\app\libraries\Database.php; 22
16:03:57; 8192; Non-static method Database::connection() should not be called statically; C:\xampp\htdocs\refector\app\libraries\Database.php; 22
16:03:57; 8192; Non-static method Database::connection() should not be called statically; C:\xampp\htdocs\refector\app\libraries\Database.php; 22
16:03:57; 8192; Non-static method Database::connection() should not be called statically; C:\xampp\htdocs\refector\app\libraries\Database.php; 22
16:03:57; 8192; Non-static method Database::connection() should not be called statically; C:\xampp\htdocs\refector\app\libraries\Database.php; 22
16:03:57; 8192; Non-static method Database::connection() should not be called statically; C:\xampp\htdocs\refector\app\libraries\Database.php; 22
16:03:57; 8192; Non-static method Database::connection() should not be called statically; C:\xampp\htdocs\refector\app\libraries\Database.php; 22
16:03:57; 8192; Non-static method Database::connection() should not be called statically; C:\xampp\htdocs\refector\app\libraries\Database.php; 22
16:03:57; 8192; Non-static method Database::connection() should not be called statically; C:\xampp\htdocs\refector\app\libraries\Database.php; 22
16:03:57; 8192; Non-static method Database::connection() should not be called statically; C:\xampp\htdocs\refector\app\libraries\Database.php; 22
16:03:57; 8192; Non-static method Database::connection() should not be called statically; C:\xampp\htdocs\refector\app\libraries\Database.php; 22
16:03:57; 8192; Non-static method Database::connection() should not be called statically; C:\xampp\htdocs\refector\app\libraries\Database.php; 22
16:03:57; 8192; Non-static method Database::connection() should not be called statically; C:\xampp\htdocs\refector\app\libraries\Database.php; 22
16:03:57; 8192; Non-static method Database::connection() should not be called statically; C:\xampp\htdocs\refector\app\libraries\Database.php; 22
16:03:57; 8192; Non-static method Database::connection() should not be called statically; C:\xampp\htdocs\refector\app\libraries\Database.php; 22
16:03:57; 8192; Non-static method Database::connection() should not be called statically; C:\xampp\htdocs\refector\app\libraries\Database.php; 22
16:03:57; 8192; Non-static method Database::connection() should not be called statically; C:\xampp\htdocs\refector\app\libraries\Database.php; 22
16:03:57; 8192; Non-static method Database::connection() should not be called statically; C:\xampp\htdocs\refector\app\libraries\Database.php; 22
16:03:57; 8192; Non-static method Database::connection() should not be called statically; C:\xampp\htdocs\refector\app\libraries\Database.php; 22
16:03:57; 8192; Non-static method Database::connection() should not be called statically; C:\xampp\htdocs\refector\app\libraries\Database.php; 22
16:03:57; 8192; Non-static method Database::connection() should not be called statically; C:\xampp\htdocs\refector\app\libraries\Database.php; 22
16:03:57; 8192; Non-static method Database::connection() should not be called statically; C:\xampp\htdocs\refector\app\libraries\Database.php; 22
16:03:57; 8192; Non-static method Database::connection() should not be called statically; C:\xampp\htdocs\refector\app\libraries\Database.php; 22
16:03:57; 8192; Non-static method Database::connection() should not be called statically; C:\xampp\htdocs\refector\app\libraries\Database.php; 22
16:03:57; 8192; Non-static method Database::connection() should not be called statically; C:\xampp\htdocs\refector\app\libraries\Database.php; 22
16:03:57; 8192; Non-static method Database::connection() should not be called statically; C:\xampp\htdocs\refector\app\libraries\Database.php; 22
16:03:57; 8192; Non-static method Database::connection() should not be called statically; C:\xampp\htdocs\refector\app\libraries\Database.php; 22
16:03:57; 8192; Non-static method Database::connection() should not be called statically; C:\xampp\htdocs\refector\app\libraries\Database.php; 22
16:03:57; 8192; Non-static method Database::connection() should not be called statically; C:\xampp\htdocs\refector\app\libraries\Database.php; 22
16:03:57; 8192; Non-static method Database::connection() should not be called statically; C:\xampp\htdocs\refector\app\libraries\Database.php; 22
16:03:57; 8192; Non-static method Database::connection() should not be called statically; C:\xampp\htdocs\refector\app\libraries\Database.php; 22
16:03:57; 8192; Non-static method Database::connection() should not be called statically; C:\xampp\htdocs\refector\app\libraries\Database.php; 22
16:03:57; 8192; Non-static method Database::connection() should not be called statically; C:\xampp\htdocs\refector\app\libraries\Database.php; 22
16:03:57; 8192; Non-static method Database::connection() should not be called statically; C:\xampp\htdocs\refector\app\libraries\Database.php; 22
16:03:57; 8192; Non-static method Database::connection() should not be called statically; C:\xampp\htdocs\refector\app\libraries\Database.php; 22
16:03:57; 8192; Non-static method Database::connection() should not be called statically; C:\xampp\htdocs\refector\app\libraries\Database.php; 22
16:03:57; 8192; Non-static method Database::connection() should not be called statically; C:\xampp\htdocs\refector\app\libraries\Database.php; 22
16:03:57; 8192; Non-static method Database::connection() should not be called statically; C:\xampp\htdocs\refector\app\libraries\Database.php; 22
16:03:57; 8192; Non-static method Database::connection() should not be called statically; C:\xampp\htdocs\refector\app\libraries\Database.php; 22
16:03:57; 8192; Non-static method Database::connection() should not be called statically; C:\xampp\htdocs\refector\app\libraries\Database.php; 22
16:03:57; 8192; Non-static method Database::connection() should not be called statically; C:\xampp\htdocs\refector\app\libraries\Database.php; 22
16:03:57; 8192; Non-static method Database::connection() should not be called statically; C:\xampp\htdocs\refector\app\libraries\Database.php; 22
16:03:57; 8192; Non-static method Database::connection() should not be called statically; C:\xampp\htdocs\refector\app\libraries\Database.php; 22
16:03:57; 8192; Non-static method Database::connection() should not be called statically; C:\xampp\htdocs\refector\app\libraries\Database.php; 22
16:03:57; 8192; Non-static method Database::connection() should not be called statically; C:\xampp\htdocs\refector\app\libraries\Database.php; 22
16:03:57; 8192; Non-static method Database::connection() should not be called statically; C:\xampp\htdocs\refector\app\libraries\Database.php; 22
16:03:57; 8192; Non-static method Database::connection() should not be called statically; C:\xampp\htdocs\refector\app\libraries\Database.php; 22
16:03:57; 8192; Non-static method Database::connection() should not be called statically; C:\xampp\htdocs\refector\app\libraries\Database.php; 22
16:03:57; 8192; Non-static method Database::connection() should not be called statically; C:\xampp\htdocs\refector\app\libraries\Database.php; 22
16:03:57; 8192; Non-static method Database::connection() should not be called statically; C:\xampp\htdocs\refector\app\libraries\Database.php; 22
16:03:57; 8192; Non-static method Database::connection() should not be called statically; C:\xampp\htdocs\refector\app\libraries\Database.php; 22
16:04:20; 8; Undefined property: Pager::$all_data_from_table; C:\xampp\htdocs\refector\app\helpers\classes.php; 518
16:05:53; 8192; Non-static method Database::connection() should not be called statically; C:\xampp\htdocs\refector\app\libraries\Database.php; 22
16:05:53; 8; Undefined variable: per_page; C:\xampp\htdocs\refector\app\controllers\Posts.php; 38
16:05:53; 8192; Non-static method Database::connection() should not be called statically; C:\xampp\htdocs\refector\app\libraries\Database.php; 22
16:05:53; 2; Division by zero; C:\xampp\htdocs\refector\app\helpers\classes.php; 28
16:05:57; 8192; Non-static method Database::connection() should not be called statically; C:\xampp\htdocs\refector\app\libraries\Database.php; 22
16:05:57; 8; Undefined variable: per_page; C:\xampp\htdocs\refector\app\controllers\Posts.php; 56
16:05:57; 8192; Non-static method Database::connection() should not be called statically; C:\xampp\htdocs\refector\app\libraries\Database.php; 22
16:05:57; 2; Division by zero; C:\xampp\htdocs\refector\app\helpers\classes.php; 28
16:06:01; 8192; Non-static method Database::connection() should not be called statically; C:\xampp\htdocs\refector\app\libraries\Database.php; 22
16:06:01; 8; Undefined variable: per_page; C:\xampp\htdocs\refector\app\controllers\Posts.php; 56
16:06:01; 8192; Non-static method Database::connection() should not be called statically; C:\xampp\htdocs\refector\app\libraries\Database.php; 22
16:06:01; 2; Division by zero; C:\xampp\htdocs\refector\app\helpers\classes.php; 28
16:06:04; 8192; Non-static method Database::connection() should not be called statically; C:\xampp\htdocs\refector\app\libraries\Database.php; 22
16:06:04; 8; Undefined variable: per_page; C:\xampp\htdocs\refector\app\controllers\Posts.php; 56
16:06:04; 8192; Non-static method Database::connection() should not be called statically; C:\xampp\htdocs\refector\app\libraries\Database.php; 22
16:06:04; 2; Division by zero; C:\xampp\htdocs\refector\app\helpers\classes.php; 28
16:06:06; 8192; Non-static method Database::connection() should not be called statically; C:\xampp\htdocs\refector\app\libraries\Database.php; 22
16:06:06; 8; Undefined variable: per_page; C:\xampp\htdocs\refector\app\controllers\Posts.php; 38
16:06:06; 8192; Non-static method Database::connection() should not be called statically; C:\xampp\htdocs\refector\app\libraries\Database.php; 22
16:06:06; 2; Division by zero; C:\xampp\htdocs\refector\app\helpers\classes.php; 28
16:06:08; 8192; Non-static method Database::connection() should not be called statically; C:\xampp\htdocs\refector\app\libraries\Database.php; 22
16:06:08; 8; Undefined variable: per_page; C:\xampp\htdocs\refector\app\controllers\Posts.php; 56
16:06:08; 8192; Non-static method Database::connection() should not be called statically; C:\xampp\htdocs\refector\app\libraries\Database.php; 22
16:06:08; 2; Division by zero; C:\xampp\htdocs\refector\app\helpers\classes.php; 28
16:06:18; 8192; Non-static method Database::connection() should not be called statically; C:\xampp\htdocs\refector\app\libraries\Database.php; 22
16:06:18; 8; Undefined variable: per_page; C:\xampp\htdocs\refector\app\controllers\Posts.php; 56
16:06:18; 8192; Non-static method Database::connection() should not be called statically; C:\xampp\htdocs\refector\app\libraries\Database.php; 22
16:06:18; 2; Division by zero; C:\xampp\htdocs\refector\app\helpers\classes.php; 28
16:06:22; 8192; Non-static method Database::connection() should not be called statically; C:\xampp\htdocs\refector\app\libraries\Database.php; 22
16:06:22; 8; Undefined variable: per_page; C:\xampp\htdocs\refector\app\controllers\Posts.php; 56
16:06:22; 8192; Non-static method Database::connection() should not be called statically; C:\xampp\htdocs\refector\app\libraries\Database.php; 22
16:06:22; 2; Division by zero; C:\xampp\htdocs\refector\app\helpers\classes.php; 28
16:07:32; 8192; Non-static method Database::connection() should not be called statically; C:\xampp\htdocs\refector\app\libraries\Database.php; 22
16:07:32; 8; Undefined variable: per_page; C:\xampp\htdocs\refector\app\controllers\Posts.php; 35
16:07:32; 8192; Non-static method Database::connection() should not be called statically; C:\xampp\htdocs\refector\app\libraries\Database.php; 22
16:07:32; 2; Division by zero; C:\xampp\htdocs\refector\app\helpers\classes.php; 28
16:09:21; 8192; Non-static method Database::connection() should not be called statically; C:\xampp\htdocs\refector\app\libraries\Database.php; 22
16:09:21; 8; Undefined variable: per_page; C:\xampp\htdocs\refector\app\controllers\Posts.php; 39
16:09:21; 8192; Non-static method Database::connection() should not be called statically; C:\xampp\htdocs\refector\app\libraries\Database.php; 22
16:09:21; 2; Division by zero; C:\xampp\htdocs\refector\app\helpers\classes.php; 28
16:12:03; 8192; Non-static method Database::connection() should not be called statically; C:\xampp\htdocs\refector\app\libraries\Database.php; 22
16:12:03; 8192; Non-static method Database::connection() should not be called statically; C:\xampp\htdocs\refector\app\libraries\Database.php; 22
16:12:03; 8192; Non-static method Database::connection() should not be called statically; C:\xampp\htdocs\refector\app\libraries\Database.php; 22
16:12:03; 8192; Non-static method Database::connection() should not be called statically; C:\xampp\htdocs\refector\app\libraries\Database.php; 22
16:12:03; 8192; Non-static method Database::connection() should not be called statically; C:\xampp\htdocs\refector\app\libraries\Database.php; 22
16:12:03; 8192; Non-static method Database::connection() should not be called statically; C:\xampp\htdocs\refector\app\libraries\Database.php; 22
16:12:03; 8192; Non-static method Database::connection() should not be called statically; C:\xampp\htdocs\refector\app\libraries\Database.php; 22
16:12:03; 8192; Non-static method Database::connection() should not be called statically; C:\xampp\htdocs\refector\app\libraries\Database.php; 22
16:12:03; 8192; Non-static method Database::connection() should not be called statically; C:\xampp\htdocs\refector\app\libraries\Database.php; 22
16:12:03; 8192; Non-static method Database::connection() should not be called statically; C:\xampp\htdocs\refector\app\libraries\Database.php; 22
16:12:03; 8192; Non-static method Database::connection() should not be called statically; C:\xampp\htdocs\refector\app\libraries\Database.php; 22
16:12:03; 8192; Non-static method Database::connection() should not be called statically; C:\xampp\htdocs\refector\app\libraries\Database.php; 22
16:12:03; 8192; Non-static method Database::connection() should not be called statically; C:\xampp\htdocs\refector\app\libraries\Database.php; 22
16:12:03; 8192; Non-static method Database::connection() should not be called statically; C:\xampp\htdocs\refector\app\libraries\Database.php; 22
16:12:03; 8192; Non-static method Database::connection() should not be called statically; C:\xampp\htdocs\refector\app\libraries\Database.php; 22
16:12:03; 8192; Non-static method Database::connection() should not be called statically; C:\xampp\htdocs\refector\app\libraries\Database.php; 22
16:12:03; 8192; Non-static method Database::connection() should not be called statically; C:\xampp\htdocs\refector\app\libraries\Database.php; 22
16:12:03; 8192; Non-static method Database::connection() should not be called statically; C:\xampp\htdocs\refector\app\libraries\Database.php; 22
16:12:03; 8192; Non-static method Database::connection() should not be called statically; C:\xampp\htdocs\refector\app\libraries\Database.php; 22
16:12:03; 8192; Non-static method Database::connection() should not be called statically; C:\xampp\htdocs\refector\app\libraries\Database.php; 22
16:12:03; 8192; Non-static method Database::connection() should not be called statically; C:\xampp\htdocs\refector\app\libraries\Database.php; 22
16:12:03; 8192; Non-static method Database::connection() should not be called statically; C:\xampp\htdocs\refector\app\libraries\Database.php; 22
16:12:03; 8192; Non-static method Database::connection() should not be called statically; C:\xampp\htdocs\refector\app\libraries\Database.php; 22
16:12:03; 8192; Non-static method Database::connection() should not be called statically; C:\xampp\htdocs\refector\app\libraries\Database.php; 22
16:12:03; 8192; Non-static method Database::connection() should not be called statically; C:\xampp\htdocs\refector\app\libraries\Database.php; 22
16:12:03; 8192; Non-static method Database::connection() should not be called statically; C:\xampp\htdocs\refector\app\libraries\Database.php; 22
16:12:03; 8192; Non-static method Database::connection() should not be called statically; C:\xampp\htdocs\refector\app\libraries\Database.php; 22
16:12:03; 8192; Non-static method Database::connection() should not be called statically; C:\xampp\htdocs\refector\app\libraries\Database.php; 22
16:12:03; 8192; Non-static method Database::connection() should not be called statically; C:\xampp\htdocs\refector\app\libraries\Database.php; 22
16:12:03; 8192; Non-static method Database::connection() should not be called statically; C:\xampp\htdocs\refector\app\libraries\Database.php; 22
16:12:03; 8192; Non-static method Database::connection() should not be called statically; C:\xampp\htdocs\refector\app\libraries\Database.php; 22
16:12:03; 8192; Non-static method Database::connection() should not be called statically; C:\xampp\htdocs\refector\app\libraries\Database.php; 22
16:12:03; 8192; Non-static method Database::connection() should not be called statically; C:\xampp\htdocs\refector\app\libraries\Database.php; 22
16:12:03; 8192; Non-static method Database::connection() should not be called statically; C:\xampp\htdocs\refector\app\libraries\Database.php; 22
16:12:12; 8192; Non-static method Database::connection() should not be called statically; C:\xampp\htdocs\refector\app\libraries\Database.php; 22
16:12:12; 8; Undefined variable: per_page; C:\xampp\htdocs\refector\app\controllers\Posts.php; 28
16:12:12; 8192; Non-static method Database::connection() should not be called statically; C:\xampp\htdocs\refector\app\libraries\Database.php; 22
16:12:12; 2; Division by zero; C:\xampp\htdocs\refector\app\helpers\classes.php; 28
16:12:15; 8192; Non-static method Database::connection() should not be called statically; C:\xampp\htdocs\refector\app\libraries\Database.php; 22
16:12:15; 8; Undefined variable: per_page; C:\xampp\htdocs\refector\app\controllers\Posts.php; 39
16:12:15; 8192; Non-static method Database::connection() should not be called statically; C:\xampp\htdocs\refector\app\libraries\Database.php; 22
16:12:15; 2; Division by zero; C:\xampp\htdocs\refector\app\helpers\classes.php; 28
16:12:26; 8192; Non-static method Post::find_all_posts() should not be called statically; C:\xampp\htdocs\refector\app\controllers\Pages.php; 33
16:12:26; 8192; Non-static method Database::connection() should not be called statically; C:\xampp\htdocs\refector\app\libraries\Database.php; 22
16:12:26; 8192; Non-static method Database::connection() should not be called statically; C:\xampp\htdocs\refector\app\libraries\Database.php; 22
16:12:26; 8192; Non-static method Database::connection() should not be called statically; C:\xampp\htdocs\refector\app\libraries\Database.php; 22
16:12:28; 8192; Non-static method Database::connection() should not be called statically; C:\xampp\htdocs\refector\app\libraries\Database.php; 22
16:12:28; 8192; Non-static method Database::connection() should not be called statically; C:\xampp\htdocs\refector\app\libraries\Database.php; 22
16:12:28; 8192; Non-static method Database::connection() should not be called statically; C:\xampp\htdocs\refector\app\libraries\Database.php; 22
16:12:28; 8192; Non-static method Database::connection() should not be called statically; C:\xampp\htdocs\refector\app\libraries\Database.php; 22
16:12:30; 8192; Non-static method Database::connection() should not be called statically; C:\xampp\htdocs\refector\app\libraries\Database.php; 22
16:12:30; 8192; Non-static method Database::connection() should not be called statically; C:\xampp\htdocs\refector\app\libraries\Database.php; 22
16:12:30; 8192; Non-static method Database::connection() should not be called statically; C:\xampp\htdocs\refector\app\libraries\Database.php; 22
16:12:30; 8192; Non-static method Database::connection() should not be called statically; C:\xampp\htdocs\refector\app\libraries\Database.php; 22
16:12:33; 8192; Non-static method Database::connection() should not be called statically; C:\xampp\htdocs\refector\app\libraries\Database.php; 22
16:12:33; 8192; Non-static method Database::connection() should not be called statically; C:\xampp\htdocs\refector\app\libraries\Database.php; 22
16:12:33; 8192; Non-static method Database::connection() should not be called statically; C:\xampp\htdocs\refector\app\libraries\Database.php; 22
16:12:33; 8192; Non-static method Database::connection() should not be called statically; C:\xampp\htdocs\refector\app\libraries\Database.php; 22
16:12:40; 8192; Non-static method Database::connection() should not be called statically; C:\xampp\htdocs\refector\app\libraries\Database.php; 22
16:12:40; 8192; Non-static method Database::connection() should not be called statically; C:\xampp\htdocs\refector\app\libraries\Database.php; 22
16:12:40; 8192; Non-static method Database::connection() should not be called statically; C:\xampp\htdocs\refector\app\libraries\Database.php; 22
16:12:40; 8192; Non-static method Database::connection() should not be called statically; C:\xampp\htdocs\refector\app\libraries\Database.php; 22
16:12:44; 8192; Non-static method Database::connection() should not be called statically; C:\xampp\htdocs\refector\app\libraries\Database.php; 22
16:12:44; 8192; Non-static method Database::connection() should not be called statically; C:\xampp\htdocs\refector\app\libraries\Database.php; 22
16:12:44; 8192; Non-static method Database::connection() should not be called statically; C:\xampp\htdocs\refector\app\libraries\Database.php; 22
16:12:44; 8192; Non-static method Database::connection() should not be called statically; C:\xampp\htdocs\refector\app\libraries\Database.php; 22
16:13:47; 8192; Non-static method Database::connection() should not be called statically; C:\xampp\htdocs\refector\app\libraries\Database.php; 22
16:13:47; 8192; Non-static method Database::connection() should not be called statically; C:\xampp\htdocs\refector\app\libraries\Database.php; 22
16:13:47; 8192; Non-static method Database::connection() should not be called statically; C:\xampp\htdocs\refector\app\libraries\Database.php; 22
16:13:47; 8192; Non-static method Database::connection() should not be called statically; C:\xampp\htdocs\refector\app\libraries\Database.php; 22
16:13:49; 8192; Non-static method Database::connection() should not be called statically; C:\xampp\htdocs\refector\app\libraries\Database.php; 22
16:13:49; 8192; Non-static method Database::connection() should not be called statically; C:\xampp\htdocs\refector\app\libraries\Database.php; 22
16:13:49; 8192; Non-static method Database::connection() should not be called statically; C:\xampp\htdocs\refector\app\libraries\Database.php; 22
16:13:49; 8192; Non-static method Database::connection() should not be called statically; C:\xampp\htdocs\refector\app\libraries\Database.php; 22
16:13:51; 8192; Non-static method Database::connection() should not be called statically; C:\xampp\htdocs\refector\app\libraries\Database.php; 22
16:13:51; 8192; Non-static method Database::connection() should not be called statically; C:\xampp\htdocs\refector\app\libraries\Database.php; 22
16:13:51; 8192; Non-static method Database::connection() should not be called statically; C:\xampp\htdocs\refector\app\libraries\Database.php; 22
16:13:51; 8192; Non-static method Database::connection() should not be called statically; C:\xampp\htdocs\refector\app\libraries\Database.php; 22
16:13:52; 8192; Non-static method Database::connection() should not be called statically; C:\xampp\htdocs\refector\app\libraries\Database.php; 22
16:13:52; 8192; Non-static method Database::connection() should not be called statically; C:\xampp\htdocs\refector\app\libraries\Database.php; 22
16:13:52; 8192; Non-static method Database::connection() should not be called statically; C:\xampp\htdocs\refector\app\libraries\Database.php; 22
16:13:52; 8192; Non-static method Database::connection() should not be called statically; C:\xampp\htdocs\refector\app\libraries\Database.php; 22
16:13:56; 8192; Non-static method Database::connection() should not be called statically; C:\xampp\htdocs\refector\app\libraries\Database.php; 22
16:13:56; 8192; Non-static method Database::connection() should not be called statically; C:\xampp\htdocs\refector\app\libraries\Database.php; 22
16:13:56; 8192; Non-static method Database::connection() should not be called statically; C:\xampp\htdocs\refector\app\libraries\Database.php; 22
16:13:56; 8192; Non-static method Database::connection() should not be called statically; C:\xampp\htdocs\refector\app\libraries\Database.php; 22
16:13:58; 8192; Non-static method Database::connection() should not be called statically; C:\xampp\htdocs\refector\app\libraries\Database.php; 22
16:13:58; 8192; Non-static method Database::connection() should not be called statically; C:\xampp\htdocs\refector\app\libraries\Database.php; 22
16:13:58; 8192; Non-static method Database::connection() should not be called statically; C:\xampp\htdocs\refector\app\libraries\Database.php; 22
16:13:58; 8192; Non-static method Database::connection() should not be called statically; C:\xampp\htdocs\refector\app\libraries\Database.php; 22
16:14:00; 8192; Non-static method Database::connection() should not be called statically; C:\xampp\htdocs\refector\app\libraries\Database.php; 22
16:14:00; 8192; Non-static method Database::connection() should not be called statically; C:\xampp\htdocs\refector\app\libraries\Database.php; 22
16:14:00; 8192; Non-static method Database::connection() should not be called statically; C:\xampp\htdocs\refector\app\libraries\Database.php; 22
16:14:00; 8192; Non-static method Database::connection() should not be called statically; C:\xampp\htdocs\refector\app\libraries\Database.php; 22
16:14:05; 8192; Non-static method Database::connection() should not be called statically; C:\xampp\htdocs\refector\app\libraries\Database.php; 22
16:14:05; 8192; Non-static method Database::connection() should not be called statically; C:\xampp\htdocs\refector\app\libraries\Database.php; 22
16:14:05; 8192; Non-static method Database::connection() should not be called statically; C:\xampp\htdocs\refector\app\libraries\Database.php; 22
16:14:05; 8192; Non-static method Database::connection() should not be called statically; C:\xampp\htdocs\refector\app\libraries\Database.php; 22
16:14:08; 8192; Non-static method Post::find_all_posts() should not be called statically; C:\xampp\htdocs\refector\app\controllers\Pages.php; 33
16:14:08; 8192; Non-static method Database::connection() should not be called statically; C:\xampp\htdocs\refector\app\libraries\Database.php; 22
16:14:08; 8192; Non-static method Database::connection() should not be called statically; C:\xampp\htdocs\refector\app\libraries\Database.php; 22
16:14:08; 8192; Non-static method Database::connection() should not be called statically; C:\xampp\htdocs\refector\app\libraries\Database.php; 22
16:15:43; 8192; Non-static method Database::connection() should not be called statically; C:\xampp\htdocs\refector\app\libraries\Database.php; 22
16:15:43; 8192; Non-static method Database::connection() should not be called statically; C:\xampp\htdocs\refector\app\libraries\Database.php; 22
16:15:43; 8192; Non-static method Database::connection() should not be called statically; C:\xampp\htdocs\refector\app\libraries\Database.php; 22
16:15:43; 8192; Non-static method Database::connection() should not be called statically; C:\xampp\htdocs\refector\app\libraries\Database.php; 22
16:21:08; 8192; Non-static method Database::connection() should not be called statically; C:\xampp\htdocs\refector\app\libraries\Database.php; 22
16:21:08; 8192; Non-static method Database::connection() should not be called statically; C:\xampp\htdocs\refector\app\libraries\Database.php; 22
16:21:08; 8192; Non-static method Database::connection() should not be called statically; C:\xampp\htdocs\refector\app\libraries\Database.php; 22
16:21:08; 8192; Non-static method Database::connection() should not be called statically; C:\xampp\htdocs\refector\app\libraries\Database.php; 22
16:21:08; 8192; Non-static method Database::connection() should not be called statically; C:\xampp\htdocs\refector\app\libraries\Database.php; 22
16:21:08; 8192; Non-static method Database::connection() should not be called statically; C:\xampp\htdocs\refector\app\libraries\Database.php; 22
16:21:08; 8192; Non-static method Database::connection() should not be called statically; C:\xampp\htdocs\refector\app\libraries\Database.php; 22
16:21:08; 8192; Non-static method Database::connection() should not be called statically; C:\xampp\htdocs\refector\app\libraries\Database.php; 22
16:21:08; 8192; Non-static method Database::connection() should not be called statically; C:\xampp\htdocs\refector\app\libraries\Database.php; 22
16:21:08; 8192; Non-static method Database::connection() should not be called statically; C:\xampp\htdocs\refector\app\libraries\Database.php; 22
16:21:08; 8192; Non-static method Database::connection() should not be called statically; C:\xampp\htdocs\refector\app\libraries\Database.php; 22
16:21:08; 8192; Non-static method Database::connection() should not be called statically; C:\xampp\htdocs\refector\app\libraries\Database.php; 22
16:21:08; 8192; Non-static method Database::connection() should not be called statically; C:\xampp\htdocs\refector\app\libraries\Database.php; 22
16:21:08; 8192; Non-static method Database::connection() should not be called statically; C:\xampp\htdocs\refector\app\libraries\Database.php; 22
16:21:08; 8192; Non-static method Database::connection() should not be called statically; C:\xampp\htdocs\refector\app\libraries\Database.php; 22
16:21:08; 8192; Non-static method Database::connection() should not be called statically; C:\xampp\htdocs\refector\app\libraries\Database.php; 22
16:21:08; 8192; Non-static method Database::connection() should not be called statically; C:\xampp\htdocs\refector\app\libraries\Database.php; 22
16:21:08; 8192; Non-static method Database::connection() should not be called statically; C:\xampp\htdocs\refector\app\libraries\Database.php; 22
16:21:08; 8192; Non-static method Database::connection() should not be called statically; C:\xampp\htdocs\refector\app\libraries\Database.php; 22
16:21:08; 8192; Non-static method Database::connection() should not be called statically; C:\xampp\htdocs\refector\app\libraries\Database.php; 22
16:21:08; 8192; Non-static method Database::connection() should not be called statically; C:\xampp\htdocs\refector\app\libraries\Database.php; 22
16:21:08; 8192; Non-static method Database::connection() should not be called statically; C:\xampp\htdocs\refector\app\libraries\Database.php; 22
16:21:08; 8192; Non-static method Database::connection() should not be called statically; C:\xampp\htdocs\refector\app\libraries\Database.php; 22
16:21:08; 8192; Non-static method Database::connection() should not be called statically; C:\xampp\htdocs\refector\app\libraries\Database.php; 22
16:21:08; 8192; Non-static method Database::connection() should not be called statically; C:\xampp\htdocs\refector\app\libraries\Database.php; 22
16:21:08; 8192; Non-static method Database::connection() should not be called statically; C:\xampp\htdocs\refector\app\libraries\Database.php; 22
16:21:08; 8192; Non-static method Database::connection() should not be called statically; C:\xampp\htdocs\refector\app\libraries\Database.php; 22
16:21:08; 8192; Non-static method Database::connection() should not be called statically; C:\xampp\htdocs\refector\app\libraries\Database.php; 22
16:21:08; 8192; Non-static method Database::connection() should not be called statically; C:\xampp\htdocs\refector\app\libraries\Database.php; 22
16:21:08; 8192; Non-static method Database::connection() should not be called statically; C:\xampp\htdocs\refector\app\libraries\Database.php; 22
16:21:08; 8192; Non-static method Database::connection() should not be called statically; C:\xampp\htdocs\refector\app\libraries\Database.php; 22
16:21:08; 8192; Non-static method Database::connection() should not be called statically; C:\xampp\htdocs\refector\app\libraries\Database.php; 22
16:21:08; 8192; Non-static method Database::connection() should not be called statically; C:\xampp\htdocs\refector\app\libraries\Database.php; 22
16:21:08; 8192; Non-static method Database::connection() should not be called statically; C:\xampp\htdocs\refector\app\libraries\Database.php; 22
16:21:08; 8192; Non-static method Database::connection() should not be called statically; C:\xampp\htdocs\refector\app\libraries\Database.php; 22
16:21:08; 8192; Non-static method Database::connection() should not be called statically; C:\xampp\htdocs\refector\app\libraries\Database.php; 22
16:21:08; 8192; Non-static method Database::connection() should not be called statically; C:\xampp\htdocs\refector\app\libraries\Database.php; 22
16:21:08; 8192; Non-static method Database::connection() should not be called statically; C:\xampp\htdocs\refector\app\libraries\Database.php; 22
16:21:08; 8192; Non-static method Database::connection() should not be called statically; C:\xampp\htdocs\refector\app\libraries\Database.php; 22
16:21:08; 8192; Non-static method Database::connection() should not be called statically; C:\xampp\htdocs\refector\app\libraries\Database.php; 22
16:21:08; 8192; Non-static method Database::connection() should not be called statically; C:\xampp\htdocs\refector\app\libraries\Database.php; 22
16:21:08; 8192; Non-static method Database::connection() should not be called statically; C:\xampp\htdocs\refector\app\libraries\Database.php; 22
16:21:08; 8192; Non-static method Database::connection() should not be called statically; C:\xampp\htdocs\refector\app\libraries\Database.php; 22
16:21:08; 8192; Non-static method Database::connection() should not be called statically; C:\xampp\htdocs\refector\app\libraries\Database.php; 22
16:21:08; 8192; Non-static method Database::connection() should not be called statically; C:\xampp\htdocs\refector\app\libraries\Database.php; 22
16:21:08; 8192; Non-static method Database::connection() should not be called statically; C:\xampp\htdocs\refector\app\libraries\Database.php; 22
16:21:08; 8192; Non-static method Database::connection() should not be called statically; C:\xampp\htdocs\refector\app\libraries\Database.php; 22
16:21:08; 8192; Non-static method Database::connection() should not be called statically; C:\xampp\htdocs\refector\app\libraries\Database.php; 22
16:21:08; 8192; Non-static method Database::connection() should not be called statically; C:\xampp\htdocs\refector\app\libraries\Database.php; 22
16:21:08; 8192; Non-static method Database::connection() should not be called statically; C:\xampp\htdocs\refector\app\libraries\Database.php; 22
16:21:08; 8192; Non-static method Database::connection() should not be called statically; C:\xampp\htdocs\refector\app\libraries\Database.php; 22
16:21:08; 8192; Non-static method Database::connection() should not be called statically; C:\xampp\htdocs\refector\app\libraries\Database.php; 22
16:21:08; 8192; Non-static method Database::connection() should not be called statically; C:\xampp\htdocs\refector\app\libraries\Database.php; 22
16:21:08; 8192; Non-static method Database::connection() should not be called statically; C:\xampp\htdocs\refector\app\libraries\Database.php; 22
16:21:08; 8192; Non-static method Database::connection() should not be called statically; C:\xampp\htdocs\refector\app\libraries\Database.php; 22
16:21:08; 8192; Non-static method Database::connection() should not be called statically; C:\xampp\htdocs\refector\app\libraries\Database.php; 22
16:21:08; 8192; Non-static method Database::connection() should not be called statically; C:\xampp\htdocs\refector\app\libraries\Database.php; 22
16:21:08; 8192; Non-static method Database::connection() should not be called statically; C:\xampp\htdocs\refector\app\libraries\Database.php; 22
16:21:08; 8192; Non-static method Database::connection() should not be called statically; C:\xampp\htdocs\refector\app\libraries\Database.php; 22
16:21:08; 8192; Non-static method Database::connection() should not be called statically; C:\xampp\htdocs\refector\app\libraries\Database.php; 22
16:21:08; 8192; Non-static method Database::connection() should not be called statically; C:\xampp\htdocs\refector\app\libraries\Database.php; 22
16:21:08; 8192; Non-static method Database::connection() should not be called statically; C:\xampp\htdocs\refector\app\libraries\Database.php; 22
16:21:08; 8192; Non-static method Database::connection() should not be called statically; C:\xampp\htdocs\refector\app\libraries\Database.php; 22
16:21:11; 8192; Non-static method Database::connection() should not be called statically; C:\xampp\htdocs\refector\app\libraries\Database.php; 22
16:21:11; 8192; Non-static method Database::connection() should not be called statically; C:\xampp\htdocs\refector\app\libraries\Database.php; 22
16:21:11; 8192; Non-static method Database::connection() should not be called statically; C:\xampp\htdocs\refector\app\libraries\Database.php; 22
16:21:11; 8192; Non-static method Database::connection() should not be called statically; C:\xampp\htdocs\refector\app\libraries\Database.php; 22
16:21:11; 8192; Non-static method Database::connection() should not be called statically; C:\xampp\htdocs\refector\app\libraries\Database.php; 22
16:21:11; 8192; Non-static method Database::connection() should not be called statically; C:\xampp\htdocs\refector\app\libraries\Database.php; 22
16:21:11; 8192; Non-static method Database::connection() should not be called statically; C:\xampp\htdocs\refector\app\libraries\Database.php; 22
16:21:11; 8192; Non-static method Database::connection() should not be called statically; C:\xampp\htdocs\refector\app\libraries\Database.php; 22
16:21:11; 8192; Non-static method Database::connection() should not be called statically; C:\xampp\htdocs\refector\app\libraries\Database.php; 22
16:21:11; 8192; Non-static method Database::connection() should not be called statically; C:\xampp\htdocs\refector\app\libraries\Database.php; 22
16:21:11; 8192; Non-static method Database::connection() should not be called statically; C:\xampp\htdocs\refector\app\libraries\Database.php; 22
16:21:11; 8192; Non-static method Database::connection() should not be called statically; C:\xampp\htdocs\refector\app\libraries\Database.php; 22
16:21:11; 8192; Non-static method Database::connection() should not be called statically; C:\xampp\htdocs\refector\app\libraries\Database.php; 22
16:21:11; 8192; Non-static method Database::connection() should not be called statically; C:\xampp\htdocs\refector\app\libraries\Database.php; 22
16:21:11; 8192; Non-static method Database::connection() should not be called statically; C:\xampp\htdocs\refector\app\libraries\Database.php; 22
16:21:11; 8192; Non-static method Database::connection() should not be called statically; C:\xampp\htdocs\refector\app\libraries\Database.php; 22
16:21:11; 8192; Non-static method Database::connection() should not be called statically; C:\xampp\htdocs\refector\app\libraries\Database.php; 22
16:21:11; 8192; Non-static method Database::connection() should not be called statically; C:\xampp\htdocs\refector\app\libraries\Database.php; 22
16:21:11; 8192; Non-static method Database::connection() should not be called statically; C:\xampp\htdocs\refector\app\libraries\Database.php; 22
16:21:11; 8192; Non-static method Database::connection() should not be called statically; C:\xampp\htdocs\refector\app\libraries\Database.php; 22
16:21:11; 8192; Non-static method Database::connection() should not be called statically; C:\xampp\htdocs\refector\app\libraries\Database.php; 22
16:21:11; 8192; Non-static method Database::connection() should not be called statically; C:\xampp\htdocs\refector\app\libraries\Database.php; 22
16:21:11; 8192; Non-static method Database::connection() should not be called statically; C:\xampp\htdocs\refector\app\libraries\Database.php; 22
16:21:11; 8192; Non-static method Database::connection() should not be called statically; C:\xampp\htdocs\refector\app\libraries\Database.php; 22
16:21:11; 8192; Non-static method Database::connection() should not be called statically; C:\xampp\htdocs\refector\app\libraries\Database.php; 22
16:21:11; 8192; Non-static method Database::connection() should not be called statically; C:\xampp\htdocs\refector\app\libraries\Database.php; 22
16:21:11; 8192; Non-static method Database::connection() should not be called statically; C:\xampp\htdocs\refector\app\libraries\Database.php; 22
16:21:11; 8192; Non-static method Database::connection() should not be called statically; C:\xampp\htdocs\refector\app\libraries\Database.php; 22
16:21:11; 8192; Non-static method Database::connection() should not be called statically; C:\xampp\htdocs\refector\app\libraries\Database.php; 22
16:21:11; 8192; Non-static method Database::connection() should not be called statically; C:\xampp\htdocs\refector\app\libraries\Database.php; 22
16:21:11; 8192; Non-static method Database::connection() should not be called statically; C:\xampp\htdocs\refector\app\libraries\Database.php; 22
16:21:11; 8192; Non-static method Database::connection() should not be called statically; C:\xampp\htdocs\refector\app\libraries\Database.php; 22
16:21:11; 8192; Non-static method Database::connection() should not be called statically; C:\xampp\htdocs\refector\app\libraries\Database.php; 22
16:21:11; 8192; Non-static method Database::connection() should not be called statically; C:\xampp\htdocs\refector\app\libraries\Database.php; 22
16:21:11; 8192; Non-static method Database::connection() should not be called statically; C:\xampp\htdocs\refector\app\libraries\Database.php; 22
16:21:11; 8192; Non-static method Database::connection() should not be called statically; C:\xampp\htdocs\refector\app\libraries\Database.php; 22
16:21:11; 8192; Non-static method Database::connection() should not be called statically; C:\xampp\htdocs\refector\app\libraries\Database.php; 22
16:21:11; 8192; Non-static method Database::connection() should not be called statically; C:\xampp\htdocs\refector\app\libraries\Database.php; 22
16:21:11; 8192; Non-static method Database::connection() should not be called statically; C:\xampp\htdocs\refector\app\libraries\Database.php; 22
16:21:15; 8192; Non-static method Database::connection() should not be called statically; C:\xampp\htdocs\refector\app\libraries\Database.php; 22
16:21:15; 8192; Non-static method Database::connection() should not be called statically; C:\xampp\htdocs\refector\app\libraries\Database.php; 22
16:21:15; 8192; Non-static method Database::connection() should not be called statically; C:\xampp\htdocs\refector\app\libraries\Database.php; 22
16:21:15; 8192; Non-static method Database::connection() should not be called statically; C:\xampp\htdocs\refector\app\libraries\Database.php; 22
16:21:15; 8192; Non-static method Database::connection() should not be called statically; C:\xampp\htdocs\refector\app\libraries\Database.php; 22
16:21:15; 8192; Non-static method Database::connection() should not be called statically; C:\xampp\htdocs\refector\app\libraries\Database.php; 22
16:21:15; 8192; Non-static method Database::connection() should not be called statically; C:\xampp\htdocs\refector\app\libraries\Database.php; 22
16:21:15; 8192; Non-static method Database::connection() should not be called statically; C:\xampp\htdocs\refector\app\libraries\Database.php; 22
16:21:15; 8192; Non-static method Database::connection() should not be called statically; C:\xampp\htdocs\refector\app\libraries\Database.php; 22
16:21:15; 8192; Non-static method Database::connection() should not be called statically; C:\xampp\htdocs\refector\app\libraries\Database.php; 22
16:21:15; 8192; Non-static method Database::connection() should not be called statically; C:\xampp\htdocs\refector\app\libraries\Database.php; 22
16:21:15; 8192; Non-static method Database::connection() should not be called statically; C:\xampp\htdocs\refector\app\libraries\Database.php; 22
16:21:15; 8192; Non-static method Database::connection() should not be called statically; C:\xampp\htdocs\refector\app\libraries\Database.php; 22
16:21:15; 8192; Non-static method Database::connection() should not be called statically; C:\xampp\htdocs\refector\app\libraries\Database.php; 22
16:21:15; 8192; Non-static method Database::connection() should not be called statically; C:\xampp\htdocs\refector\app\libraries\Database.php; 22
16:21:15; 8192; Non-static method Database::connection() should not be called statically; C:\xampp\htdocs\refector\app\libraries\Database.php; 22
16:21:15; 8192; Non-static method Database::connection() should not be called statically; C:\xampp\htdocs\refector\app\libraries\Database.php; 22
16:21:15; 8192; Non-static method Database::connection() should not be called statically; C:\xampp\htdocs\refector\app\libraries\Database.php; 22
16:21:15; 8192; Non-static method Database::connection() should not be called statically; C:\xampp\htdocs\refector\app\libraries\Database.php; 22
16:21:15; 8192; Non-static method Database::connection() should not be called statically; C:\xampp\htdocs\refector\app\libraries\Database.php; 22
16:21:15; 8192; Non-static method Database::connection() should not be called statically; C:\xampp\htdocs\refector\app\libraries\Database.php; 22
16:21:15; 8192; Non-static method Database::connection() should not be called statically; C:\xampp\htdocs\refector\app\libraries\Database.php; 22
16:21:15; 8192; Non-static method Database::connection() should not be called statically; C:\xampp\htdocs\refector\app\libraries\Database.php; 22
16:21:15; 8192; Non-static method Database::connection() should not be called statically; C:\xampp\htdocs\refector\app\libraries\Database.php; 22
16:21:15; 8192; Non-static method Database::connection() should not be called statically; C:\xampp\htdocs\refector\app\libraries\Database.php; 22
16:21:15; 8192; Non-static method Database::connection() should not be called statically; C:\xampp\htdocs\refector\app\libraries\Database.php; 22
16:21:15; 8192; Non-static method Database::connection() should not be called statically; C:\xampp\htdocs\refector\app\libraries\Database.php; 22
16:21:15; 8192; Non-static method Database::connection() should not be called statically; C:\xampp\htdocs\refector\app\libraries\Database.php; 22
16:21:15; 8192; Non-static method Database::connection() should not be called statically; C:\xampp\htdocs\refector\app\libraries\Database.php; 22
16:21:15; 8192; Non-static method Database::connection() should not be called statically; C:\xampp\htdocs\refector\app\libraries\Database.php; 22
16:21:15; 8192; Non-static method Database::connection() should not be called statically; C:\xampp\htdocs\refector\app\libraries\Database.php; 22
16:21:15; 8192; Non-static method Database::connection() should not be called statically; C:\xampp\htdocs\refector\app\libraries\Database.php; 22
16:21:15; 8192; Non-static method Database::connection() should not be called statically; C:\xampp\htdocs\refector\app\libraries\Database.php; 22
16:21:15; 8192; Non-static method Database::connection() should not be called statically; C:\xampp\htdocs\refector\app\libraries\Database.php; 22
16:21:15; 8192; Non-static method Database::connection() should not be called statically; C:\xampp\htdocs\refector\app\libraries\Database.php; 22
16:21:15; 8192; Non-static method Database::connection() should not be called statically; C:\xampp\htdocs\refector\app\libraries\Database.php; 22
16:21:15; 8192; Non-static method Database::connection() should not be called statically; C:\xampp\htdocs\refector\app\libraries\Database.php; 22
16:21:15; 8192; Non-static method Database::connection() should not be called statically; C:\xampp\htdocs\refector\app\libraries\Database.php; 22
16:21:15; 8192; Non-static method Database::connection() should not be called statically; C:\xampp\htdocs\refector\app\libraries\Database.php; 22
16:21:17; 8192; Non-static method Database::connection() should not be called statically; C:\xampp\htdocs\refector\app\libraries\Database.php; 22
16:21:17; 8192; Non-static method Database::connection() should not be called statically; C:\xampp\htdocs\refector\app\libraries\Database.php; 22
16:21:17; 8192; Non-static method Database::connection() should not be called statically; C:\xampp\htdocs\refector\app\libraries\Database.php; 22
16:21:17; 8192; Non-static method Database::connection() should not be called statically; C:\xampp\htdocs\refector\app\libraries\Database.php; 22
16:21:17; 8192; Non-static method Database::connection() should not be called statically; C:\xampp\htdocs\refector\app\libraries\Database.php; 22
16:21:17; 8192; Non-static method Database::connection() should not be called statically; C:\xampp\htdocs\refector\app\libraries\Database.php; 22
16:21:17; 8192; Non-static method Database::connection() should not be called statically; C:\xampp\htdocs\refector\app\libraries\Database.php; 22
16:21:17; 8192; Non-static method Database::connection() should not be called statically; C:\xampp\htdocs\refector\app\libraries\Database.php; 22
16:21:17; 8192; Non-static method Database::connection() should not be called statically; C:\xampp\htdocs\refector\app\libraries\Database.php; 22
16:21:17; 8192; Non-static method Database::connection() should not be called statically; C:\xampp\htdocs\refector\app\libraries\Database.php; 22
16:21:17; 8192; Non-static method Database::connection() should not be called statically; C:\xampp\htdocs\refector\app\libraries\Database.php; 22
16:21:17; 8192; Non-static method Database::connection() should not be called statically; C:\xampp\htdocs\refector\app\libraries\Database.php; 22
16:21:17; 8192; Non-static method Database::connection() should not be called statically; C:\xampp\htdocs\refector\app\libraries\Database.php; 22
16:21:17; 8192; Non-static method Database::connection() should not be called statically; C:\xampp\htdocs\refector\app\libraries\Database.php; 22
16:21:17; 8192; Non-static method Database::connection() should not be called statically; C:\xampp\htdocs\refector\app\libraries\Database.php; 22
16:21:17; 8192; Non-static method Database::connection() should not be called statically; C:\xampp\htdocs\refector\app\libraries\Database.php; 22
16:21:17; 8192; Non-static method Database::connection() should not be called statically; C:\xampp\htdocs\refector\app\libraries\Database.php; 22
16:21:17; 8192; Non-static method Database::connection() should not be called statically; C:\xampp\htdocs\refector\app\libraries\Database.php; 22
16:21:17; 8192; Non-static method Database::connection() should not be called statically; C:\xampp\htdocs\refector\app\libraries\Database.php; 22
16:21:17; 8192; Non-static method Database::connection() should not be called statically; C:\xampp\htdocs\refector\app\libraries\Database.php; 22
16:21:17; 8192; Non-static method Database::connection() should not be called statically; C:\xampp\htdocs\refector\app\libraries\Database.php; 22
16:21:17; 8192; Non-static method Database::connection() should not be called statically; C:\xampp\htdocs\refector\app\libraries\Database.php; 22
16:21:17; 8192; Non-static method Database::connection() should not be called statically; C:\xampp\htdocs\refector\app\libraries\Database.php; 22
16:21:17; 8192; Non-static method Database::connection() should not be called statically; C:\xampp\htdocs\refector\app\libraries\Database.php; 22
16:21:17; 8192; Non-static method Database::connection() should not be called statically; C:\xampp\htdocs\refector\app\libraries\Database.php; 22
16:21:17; 8192; Non-static method Database::connection() should not be called statically; C:\xampp\htdocs\refector\app\libraries\Database.php; 22
16:21:17; 8192; Non-static method Database::connection() should not be called statically; C:\xampp\htdocs\refector\app\libraries\Database.php; 22
16:21:17; 8192; Non-static method Database::connection() should not be called statically; C:\xampp\htdocs\refector\app\libraries\Database.php; 22
16:21:17; 8192; Non-static method Database::connection() should not be called statically; C:\xampp\htdocs\refector\app\libraries\Database.php; 22
16:21:17; 8192; Non-static method Database::connection() should not be called statically; C:\xampp\htdocs\refector\app\libraries\Database.php; 22
16:21:17; 8192; Non-static method Database::connection() should not be called statically; C:\xampp\htdocs\refector\app\libraries\Database.php; 22
16:21:17; 8192; Non-static method Database::connection() should not be called statically; C:\xampp\htdocs\refector\app\libraries\Database.php; 22
16:21:17; 8192; Non-static method Database::connection() should not be called statically; C:\xampp\htdocs\refector\app\libraries\Database.php; 22
16:21:17; 8192; Non-static method Database::connection() should not be called statically; C:\xampp\htdocs\refector\app\libraries\Database.php; 22
16:21:17; 8192; Non-static method Database::connection() should not be called statically; C:\xampp\htdocs\refector\app\libraries\Database.php; 22
16:21:17; 8192; Non-static method Database::connection() should not be called statically; C:\xampp\htdocs\refector\app\libraries\Database.php; 22
16:21:17; 8192; Non-static method Database::connection() should not be called statically; C:\xampp\htdocs\refector\app\libraries\Database.php; 22
16:21:17; 8192; Non-static method Database::connection() should not be called statically; C:\xampp\htdocs\refector\app\libraries\Database.php; 22
16:21:17; 8192; Non-static method Database::connection() should not be called statically; C:\xampp\htdocs\refector\app\libraries\Database.php; 22
16:21:19; 8192; Non-static method Database::connection() should not be called statically; C:\xampp\htdocs\refector\app\libraries\Database.php; 22
16:21:19; 8192; Non-static method Database::connection() should not be called statically; C:\xampp\htdocs\refector\app\libraries\Database.php; 22
16:21:19; 8192; Non-static method Database::connection() should not be called statically; C:\xampp\htdocs\refector\app\libraries\Database.php; 22
16:21:19; 8192; Non-static method Database::connection() should not be called statically; C:\xampp\htdocs\refector\app\libraries\Database.php; 22
16:21:19; 8192; Non-static method Database::connection() should not be called statically; C:\xampp\htdocs\refector\app\libraries\Database.php; 22
16:21:19; 8192; Non-static method Database::connection() should not be called statically; C:\xampp\htdocs\refector\app\libraries\Database.php; 22
16:21:19; 8192; Non-static method Database::connection() should not be called statically; C:\xampp\htdocs\refector\app\libraries\Database.php; 22
16:21:19; 8192; Non-static method Database::connection() should not be called statically; C:\xampp\htdocs\refector\app\libraries\Database.php; 22
16:21:19; 8192; Non-static method Database::connection() should not be called statically; C:\xampp\htdocs\refector\app\libraries\Database.php; 22
16:21:19; 8192; Non-static method Database::connection() should not be called statically; C:\xampp\htdocs\refector\app\libraries\Database.php; 22
16:21:19; 8192; Non-static method Database::connection() should not be called statically; C:\xampp\htdocs\refector\app\libraries\Database.php; 22
16:21:19; 8192; Non-static method Database::connection() should not be called statically; C:\xampp\htdocs\refector\app\libraries\Database.php; 22
16:21:19; 8192; Non-static method Database::connection() should not be called statically; C:\xampp\htdocs\refector\app\libraries\Database.php; 22
16:21:19; 8192; Non-static method Database::connection() should not be called statically; C:\xampp\htdocs\refector\app\libraries\Database.php; 22
16:21:19; 8192; Non-static method Database::connection() should not be called statically; C:\xampp\htdocs\refector\app\libraries\Database.php; 22
16:21:19; 8192; Non-static method Database::connection() should not be called statically; C:\xampp\htdocs\refector\app\libraries\Database.php; 22
16:21:19; 8192; Non-static method Database::connection() should not be called statically; C:\xampp\htdocs\refector\app\libraries\Database.php; 22
16:21:19; 8192; Non-static method Database::connection() should not be called statically; C:\xampp\htdocs\refector\app\libraries\Database.php; 22
16:21:19; 8192; Non-static method Database::connection() should not be called statically; C:\xampp\htdocs\refector\app\libraries\Database.php; 22
16:21:19; 8192; Non-static method Database::connection() should not be called statically; C:\xampp\htdocs\refector\app\libraries\Database.php; 22
16:21:19; 8192; Non-static method Database::connection() should not be called statically; C:\xampp\htdocs\refector\app\libraries\Database.php; 22
16:21:19; 8192; Non-static method Database::connection() should not be called statically; C:\xampp\htdocs\refector\app\libraries\Database.php; 22
16:21:19; 8192; Non-static method Database::connection() should not be called statically; C:\xampp\htdocs\refector\app\libraries\Database.php; 22
16:21:19; 8192; Non-static method Database::connection() should not be called statically; C:\xampp\htdocs\refector\app\libraries\Database.php; 22
16:21:19; 8192; Non-static method Database::connection() should not be called statically; C:\xampp\htdocs\refector\app\libraries\Database.php; 22
16:21:19; 8192; Non-static method Database::connection() should not be called statically; C:\xampp\htdocs\refector\app\libraries\Database.php; 22
16:21:19; 8192; Non-static method Database::connection() should not be called statically; C:\xampp\htdocs\refector\app\libraries\Database.php; 22
16:21:19; 8192; Non-static method Database::connection() should not be called statically; C:\xampp\htdocs\refector\app\libraries\Database.php; 22
16:21:19; 8192; Non-static method Database::connection() should not be called statically; C:\xampp\htdocs\refector\app\libraries\Database.php; 22
16:21:19; 8192; Non-static method Database::connection() should not be called statically; C:\xampp\htdocs\refector\app\libraries\Database.php; 22
16:21:19; 8192; Non-static method Database::connection() should not be called statically; C:\xampp\htdocs\refector\app\libraries\Database.php; 22
16:21:19; 8192; Non-static method Database::connection() should not be called statically; C:\xampp\htdocs\refector\app\libraries\Database.php; 22
16:21:19; 8192; Non-static method Database::connection() should not be called statically; C:\xampp\htdocs\refector\app\libraries\Database.php; 22
16:21:19; 8192; Non-static method Database::connection() should not be called statically; C:\xampp\htdocs\refector\app\libraries\Database.php; 22
16:21:19; 8192; Non-static method Database::connection() should not be called statically; C:\xampp\htdocs\refector\app\libraries\Database.php; 22
16:21:19; 8192; Non-static method Database::connection() should not be called statically; C:\xampp\htdocs\refector\app\libraries\Database.php; 22
16:21:19; 8192; Non-static method Database::connection() should not be called statically; C:\xampp\htdocs\refector\app\libraries\Database.php; 22
16:21:19; 8192; Non-static method Database::connection() should not be called statically; C:\xampp\htdocs\refector\app\libraries\Database.php; 22
16:21:19; 8192; Non-static method Database::connection() should not be called statically; C:\xampp\htdocs\refector\app\libraries\Database.php; 22
16:21:21; 8192; Non-static method Database::connection() should not be called statically; C:\xampp\htdocs\refector\app\libraries\Database.php; 22
16:21:21; 8192; Non-static method Database::connection() should not be called statically; C:\xampp\htdocs\refector\app\libraries\Database.php; 22
16:21:21; 8192; Non-static method Database::connection() should not be called statically; C:\xampp\htdocs\refector\app\libraries\Database.php; 22
16:21:21; 8192; Non-static method Database::connection() should not be called statically; C:\xampp\htdocs\refector\app\libraries\Database.php; 22
16:21:21; 8192; Non-static method Database::connection() should not be called statically; C:\xampp\htdocs\refector\app\libraries\Database.php; 22
16:21:21; 8192; Non-static method Database::connection() should not be called statically; C:\xampp\htdocs\refector\app\libraries\Database.php; 22
16:21:21; 8192; Non-static method Database::connection() should not be called statically; C:\xampp\htdocs\refector\app\libraries\Database.php; 22
16:21:21; 8192; Non-static method Database::connection() should not be called statically; C:\xampp\htdocs\refector\app\libraries\Database.php; 22
16:21:21; 8192; Non-static method Database::connection() should not be called statically; C:\xampp\htdocs\refector\app\libraries\Database.php; 22
16:21:21; 8192; Non-static method Database::connection() should not be called statically; C:\xampp\htdocs\refector\app\libraries\Database.php; 22
16:21:21; 8192; Non-static method Database::connection() should not be called statically; C:\xampp\htdocs\refector\app\libraries\Database.php; 22
16:21:21; 8192; Non-static method Database::connection() should not be called statically; C:\xampp\htdocs\refector\app\libraries\Database.php; 22
16:21:21; 8192; Non-static method Database::connection() should not be called statically; C:\xampp\htdocs\refector\app\libraries\Database.php; 22
16:21:21; 8192; Non-static method Database::connection() should not be called statically; C:\xampp\htdocs\refector\app\libraries\Database.php; 22
16:21:21; 8192; Non-static method Database::connection() should not be called statically; C:\xampp\htdocs\refector\app\libraries\Database.php; 22
16:21:21; 8192; Non-static method Database::connection() should not be called statically; C:\xampp\htdocs\refector\app\libraries\Database.php; 22
16:21:21; 8192; Non-static method Database::connection() should not be called statically; C:\xampp\htdocs\refector\app\libraries\Database.php; 22
16:21:21; 8192; Non-static method Database::connection() should not be called statically; C:\xampp\htdocs\refector\app\libraries\Database.php; 22
16:21:21; 8192; Non-static method Database::connection() should not be called statically; C:\xampp\htdocs\refector\app\libraries\Database.php; 22
16:21:21; 8192; Non-static method Database::connection() should not be called statically; C:\xampp\htdocs\refector\app\libraries\Database.php; 22
16:21:21; 8192; Non-static method Database::connection() should not be called statically; C:\xampp\htdocs\refector\app\libraries\Database.php; 22
16:21:21; 8192; Non-static method Database::connection() should not be called statically; C:\xampp\htdocs\refector\app\libraries\Database.php; 22
16:21:21; 8192; Non-static method Database::connection() should not be called statically; C:\xampp\htdocs\refector\app\libraries\Database.php; 22
16:21:21; 8192; Non-static method Database::connection() should not be called statically; C:\xampp\htdocs\refector\app\libraries\Database.php; 22
16:21:21; 8192; Non-static method Database::connection() should not be called statically; C:\xampp\htdocs\refector\app\libraries\Database.php; 22
16:21:21; 8192; Non-static method Database::connection() should not be called statically; C:\xampp\htdocs\refector\app\libraries\Database.php; 22
16:21:21; 8192; Non-static method Database::connection() should not be called statically; C:\xampp\htdocs\refector\app\libraries\Database.php; 22
16:21:21; 8192; Non-static method Database::connection() should not be called statically; C:\xampp\htdocs\refector\app\libraries\Database.php; 22
16:21:21; 8192; Non-static method Database::connection() should not be called statically; C:\xampp\htdocs\refector\app\libraries\Database.php; 22
16:21:21; 8192; Non-static method Database::connection() should not be called statically; C:\xampp\htdocs\refector\app\libraries\Database.php; 22
16:21:21; 8192; Non-static method Database::connection() should not be called statically; C:\xampp\htdocs\refector\app\libraries\Database.php; 22
16:21:21; 8192; Non-static method Database::connection() should not be called statically; C:\xampp\htdocs\refector\app\libraries\Database.php; 22
16:21:21; 8192; Non-static method Database::connection() should not be called statically; C:\xampp\htdocs\refector\app\libraries\Database.php; 22
16:21:21; 8192; Non-static method Database::connection() should not be called statically; C:\xampp\htdocs\refector\app\libraries\Database.php; 22
16:21:21; 8192; Non-static method Database::connection() should not be called statically; C:\xampp\htdocs\refector\app\libraries\Database.php; 22
16:21:21; 8192; Non-static method Database::connection() should not be called statically; C:\xampp\htdocs\refector\app\libraries\Database.php; 22
16:21:21; 8192; Non-static method Database::connection() should not be called statically; C:\xampp\htdocs\refector\app\libraries\Database.php; 22
16:21:21; 8192; Non-static method Database::connection() should not be called statically; C:\xampp\htdocs\refector\app\libraries\Database.php; 22
16:21:21; 8192; Non-static method Database::connection() should not be called statically; C:\xampp\htdocs\refector\app\libraries\Database.php; 22
16:21:23; 8192; Non-static method Database::connection() should not be called statically; C:\xampp\htdocs\refector\app\libraries\Database.php; 22
16:21:23; 8192; Non-static method Database::connection() should not be called statically; C:\xampp\htdocs\refector\app\libraries\Database.php; 22
16:21:23; 8192; Non-static method Database::connection() should not be called statically; C:\xampp\htdocs\refector\app\libraries\Database.php; 22
16:21:23; 8192; Non-static method Database::connection() should not be called statically; C:\xampp\htdocs\refector\app\libraries\Database.php; 22
16:21:23; 8192; Non-static method Database::connection() should not be called statically; C:\xampp\htdocs\refector\app\libraries\Database.php; 22
16:21:23; 8192; Non-static method Database::connection() should not be called statically; C:\xampp\htdocs\refector\app\libraries\Database.php; 22
16:21:23; 8192; Non-static method Database::connection() should not be called statically; C:\xampp\htdocs\refector\app\libraries\Database.php; 22
16:21:23; 8192; Non-static method Database::connection() should not be called statically; C:\xampp\htdocs\refector\app\libraries\Database.php; 22
16:21:23; 8192; Non-static method Database::connection() should not be called statically; C:\xampp\htdocs\refector\app\libraries\Database.php; 22
16:21:23; 8192; Non-static method Database::connection() should not be called statically; C:\xampp\htdocs\refector\app\libraries\Database.php; 22
16:21:23; 8192; Non-static method Database::connection() should not be called statically; C:\xampp\htdocs\refector\app\libraries\Database.php; 22
16:21:23; 8192; Non-static method Database::connection() should not be called statically; C:\xampp\htdocs\refector\app\libraries\Database.php; 22
16:21:23; 8192; Non-static method Database::connection() should not be called statically; C:\xampp\htdocs\refector\app\libraries\Database.php; 22
16:21:23; 8192; Non-static method Database::connection() should not be called statically; C:\xampp\htdocs\refector\app\libraries\Database.php; 22
16:21:23; 8192; Non-static method Database::connection() should not be called statically; C:\xampp\htdocs\refector\app\libraries\Database.php; 22
16:21:23; 8192; Non-static method Database::connection() should not be called statically; C:\xampp\htdocs\refector\app\libraries\Database.php; 22
16:21:23; 8192; Non-static method Database::connection() should not be called statically; C:\xampp\htdocs\refector\app\libraries\Database.php; 22
16:21:23; 8192; Non-static method Database::connection() should not be called statically; C:\xampp\htdocs\refector\app\libraries\Database.php; 22
16:21:23; 8192; Non-static method Database::connection() should not be called statically; C:\xampp\htdocs\refector\app\libraries\Database.php; 22
16:21:23; 8192; Non-static method Database::connection() should not be called statically; C:\xampp\htdocs\refector\app\libraries\Database.php; 22
16:21:23; 8192; Non-static method Database::connection() should not be called statically; C:\xampp\htdocs\refector\app\libraries\Database.php; 22
16:21:23; 8192; Non-static method Database::connection() should not be called statically; C:\xampp\htdocs\refector\app\libraries\Database.php; 22
16:21:23; 8192; Non-static method Database::connection() should not be called statically; C:\xampp\htdocs\refector\app\libraries\Database.php; 22
16:21:23; 8192; Non-static method Database::connection() should not be called statically; C:\xampp\htdocs\refector\app\libraries\Database.php; 22
16:21:23; 8192; Non-static method Database::connection() should not be called statically; C:\xampp\htdocs\refector\app\libraries\Database.php; 22
16:21:23; 8192; Non-static method Database::connection() should not be called statically; C:\xampp\htdocs\refector\app\libraries\Database.php; 22
16:21:23; 8192; Non-static method Database::connection() should not be called statically; C:\xampp\htdocs\refector\app\libraries\Database.php; 22
16:21:23; 8192; Non-static method Database::connection() should not be called statically; C:\xampp\htdocs\refector\app\libraries\Database.php; 22
16:21:23; 8192; Non-static method Database::connection() should not be called statically; C:\xampp\htdocs\refector\app\libraries\Database.php; 22
16:21:23; 8192; Non-static method Database::connection() should not be called statically; C:\xampp\htdocs\refector\app\libraries\Database.php; 22
16:21:23; 8192; Non-static method Database::connection() should not be called statically; C:\xampp\htdocs\refector\app\libraries\Database.php; 22
16:21:23; 8192; Non-static method Database::connection() should not be called statically; C:\xampp\htdocs\refector\app\libraries\Database.php; 22
16:21:23; 8192; Non-static method Database::connection() should not be called statically; C:\xampp\htdocs\refector\app\libraries\Database.php; 22
16:21:23; 8192; Non-static method Database::connection() should not be called statically; C:\xampp\htdocs\refector\app\libraries\Database.php; 22
16:21:23; 8192; Non-static method Database::connection() should not be called statically; C:\xampp\htdocs\refector\app\libraries\Database.php; 22
16:21:23; 8192; Non-static method Database::connection() should not be called statically; C:\xampp\htdocs\refector\app\libraries\Database.php; 22
16:21:23; 8192; Non-static method Database::connection() should not be called statically; C:\xampp\htdocs\refector\app\libraries\Database.php; 22
16:21:23; 8192; Non-static method Database::connection() should not be called statically; C:\xampp\htdocs\refector\app\libraries\Database.php; 22
16:21:23; 8192; Non-static method Database::connection() should not be called statically; C:\xampp\htdocs\refector\app\libraries\Database.php; 22
16:21:26; 8192; Non-static method Database::connection() should not be called statically; C:\xampp\htdocs\refector\app\libraries\Database.php; 22
16:21:26; 8; Undefined variable: per_page; C:\xampp\htdocs\refector\app\controllers\Posts.php; 27
16:21:26; 8192; Non-static method Database::connection() should not be called statically; C:\xampp\htdocs\refector\app\libraries\Database.php; 22
16:21:26; 2; Division by zero; C:\xampp\htdocs\refector\app\helpers\classes.php; 28
16:21:28; 8192; Non-static method Database::connection() should not be called statically; C:\xampp\htdocs\refector\app\libraries\Database.php; 22
16:21:28; 8192; Non-static method Database::connection() should not be called statically; C:\xampp\htdocs\refector\app\libraries\Database.php; 22
16:21:28; 8192; Non-static method Database::connection() should not be called statically; C:\xampp\htdocs\refector\app\libraries\Database.php; 22
16:21:28; 8192; Non-static method Database::connection() should not be called statically; C:\xampp\htdocs\refector\app\libraries\Database.php; 22
16:21:28; 8192; Non-static method Database::connection() should not be called statically; C:\xampp\htdocs\refector\app\libraries\Database.php; 22
16:21:28; 8192; Non-static method Database::connection() should not be called statically; C:\xampp\htdocs\refector\app\libraries\Database.php; 22
16:21:28; 8192; Non-static method Database::connection() should not be called statically; C:\xampp\htdocs\refector\app\libraries\Database.php; 22
16:21:28; 8192; Non-static method Database::connection() should not be called statically; C:\xampp\htdocs\refector\app\libraries\Database.php; 22
16:21:28; 8192; Non-static method Database::connection() should not be called statically; C:\xampp\htdocs\refector\app\libraries\Database.php; 22
16:21:28; 8192; Non-static method Database::connection() should not be called statically; C:\xampp\htdocs\refector\app\libraries\Database.php; 22
16:21:28; 8192; Non-static method Database::connection() should not be called statically; C:\xampp\htdocs\refector\app\libraries\Database.php; 22
16:21:28; 8192; Non-static method Database::connection() should not be called statically; C:\xampp\htdocs\refector\app\libraries\Database.php; 22
16:21:28; 8192; Non-static method Database::connection() should not be called statically; C:\xampp\htdocs\refector\app\libraries\Database.php; 22
16:21:28; 8192; Non-static method Database::connection() should not be called statically; C:\xampp\htdocs\refector\app\libraries\Database.php; 22
16:21:28; 8192; Non-static method Database::connection() should not be called statically; C:\xampp\htdocs\refector\app\libraries\Database.php; 22
16:21:28; 8192; Non-static method Database::connection() should not be called statically; C:\xampp\htdocs\refector\app\libraries\Database.php; 22
16:21:28; 8192; Non-static method Database::connection() should not be called statically; C:\xampp\htdocs\refector\app\libraries\Database.php; 22
16:21:28; 8192; Non-static method Database::connection() should not be called statically; C:\xampp\htdocs\refector\app\libraries\Database.php; 22
16:21:28; 8192; Non-static method Database::connection() should not be called statically; C:\xampp\htdocs\refector\app\libraries\Database.php; 22
16:21:28; 8192; Non-static method Database::connection() should not be called statically; C:\xampp\htdocs\refector\app\libraries\Database.php; 22
16:21:28; 8192; Non-static method Database::connection() should not be called statically; C:\xampp\htdocs\refector\app\libraries\Database.php; 22
16:21:28; 8192; Non-static method Database::connection() should not be called statically; C:\xampp\htdocs\refector\app\libraries\Database.php; 22
16:21:28; 8192; Non-static method Database::connection() should not be called statically; C:\xampp\htdocs\refector\app\libraries\Database.php; 22
16:21:28; 8192; Non-static method Database::connection() should not be called statically; C:\xampp\htdocs\refector\app\libraries\Database.php; 22
16:21:28; 8192; Non-static method Database::connection() should not be called statically; C:\xampp\htdocs\refector\app\libraries\Database.php; 22
16:21:28; 8192; Non-static method Database::connection() should not be called statically; C:\xampp\htdocs\refector\app\libraries\Database.php; 22
16:21:28; 8192; Non-static method Database::connection() should not be called statically; C:\xampp\htdocs\refector\app\libraries\Database.php; 22
16:21:28; 8192; Non-static method Database::connection() should not be called statically; C:\xampp\htdocs\refector\app\libraries\Database.php; 22
16:21:28; 8192; Non-static method Database::connection() should not be called statically; C:\xampp\htdocs\refector\app\libraries\Database.php; 22
16:21:28; 8192; Non-static method Database::connection() should not be called statically; C:\xampp\htdocs\refector\app\libraries\Database.php; 22
16:21:28; 8192; Non-static method Database::connection() should not be called statically; C:\xampp\htdocs\refector\app\libraries\Database.php; 22
16:21:28; 8192; Non-static method Database::connection() should not be called statically; C:\xampp\htdocs\refector\app\libraries\Database.php; 22
16:21:28; 8192; Non-static method Database::connection() should not be called statically; C:\xampp\htdocs\refector\app\libraries\Database.php; 22
16:21:28; 8192; Non-static method Database::connection() should not be called statically; C:\xampp\htdocs\refector\app\libraries\Database.php; 22
16:21:28; 8192; Non-static method Database::connection() should not be called statically; C:\xampp\htdocs\refector\app\libraries\Database.php; 22
16:21:28; 8192; Non-static method Database::connection() should not be called statically; C:\xampp\htdocs\refector\app\libraries\Database.php; 22
16:21:29; 8192; Non-static method Database::connection() should not be called statically; C:\xampp\htdocs\refector\app\libraries\Database.php; 22
16:21:29; 8192; Non-static method Database::connection() should not be called statically; C:\xampp\htdocs\refector\app\libraries\Database.php; 22
16:21:29; 8192; Non-static method Database::connection() should not be called statically; C:\xampp\htdocs\refector\app\libraries\Database.php; 22
