19:16:56; 8; Undefined variable: data; C:\xampp\htdocs\refector\app\controllers\Categories.php; 44
19:23:40; 8; Undefined offset: 1; C:\xampp\htdocs\refector\app\views\posts_category.php; 6
19:26:18; 8; Undefined variable: current_page; C:\xampp\htdocs\refector\app\views\posts_category.php; 15
19:26:18; 8; Undefined variable: post; C:\xampp\htdocs\refector\app\views\posts_category.php; 15
19:26:18; 8; Undefined variable: post; C:\xampp\htdocs\refector\app\views\posts_category.php; 17
19:26:18; 8; Undefined variable: post; C:\xampp\htdocs\refector\app\views\posts_category.php; 18
19:26:18; 8; Undefined variable: post; C:\xampp\htdocs\refector\app\views\posts_category.php; 19
19:26:18; 8; Undefined variable: post; C:\xampp\htdocs\refector\app\views\posts_category.php; 22
19:26:18; 8; Undefined variable: post; C:\xampp\htdocs\refector\app\views\posts_category.php; 23
19:26:18; 8; Undefined variable: post; C:\xampp\htdocs\refector\app\views\posts_category.php; 24
19:26:19; 8; Undefined variable: current_page; C:\xampp\htdocs\refector\app\views\posts_category.php; 15
19:26:19; 8; Undefined variable: post; C:\xampp\htdocs\refector\app\views\posts_category.php; 15
19:26:19; 8; Undefined variable: post; C:\xampp\htdocs\refector\app\views\posts_category.php; 17
19:26:19; 8; Undefined variable: post; C:\xampp\htdocs\refector\app\views\posts_category.php; 18
19:26:19; 8; Undefined variable: post; C:\xampp\htdocs\refector\app\views\posts_category.php; 19
19:26:19; 8; Undefined variable: post; C:\xampp\htdocs\refector\app\views\posts_category.php; 22
19:26:19; 8; Undefined variable: post; C:\xampp\htdocs\refector\app\views\posts_category.php; 23
19:26:19; 8; Undefined variable: post; C:\xampp\htdocs\refector\app\views\posts_category.php; 24
19:26:40; 8; Undefined variable: current_page; C:\xampp\htdocs\refector\app\views\posts_category.php; 15
19:26:40; 8; Undefined index: post_image; C:\xampp\htdocs\refector\app\views\posts_category.php; 15
19:26:40; 8; Undefined index: post_title; C:\xampp\htdocs\refector\app\views\posts_category.php; 17
19:26:40; 8; Undefined index: post_content; C:\xampp\htdocs\refector\app\views\posts_category.php; 18
19:26:40; 8; Undefined index: id; C:\xampp\htdocs\refector\app\views\posts_category.php; 19
19:26:40; 8; Undefined index: post_date; C:\xampp\htdocs\refector\app\views\posts_category.php; 22
19:26:40; 8; Undefined index: post_author; C:\xampp\htdocs\refector\app\views\posts_category.php; 23
19:26:40; 8; Undefined index: color; C:\xampp\htdocs\refector\app\views\posts_category.php; 24
19:26:41; 8; Undefined variable: current_page; C:\xampp\htdocs\refector\app\views\posts_category.php; 15
19:26:41; 8; Undefined index: post_image; C:\xampp\htdocs\refector\app\views\posts_category.php; 15
19:26:41; 8; Undefined index: post_title; C:\xampp\htdocs\refector\app\views\posts_category.php; 17
19:26:41; 8; Undefined index: post_content; C:\xampp\htdocs\refector\app\views\posts_category.php; 18
19:26:41; 8; Undefined index: id; C:\xampp\htdocs\refector\app\views\posts_category.php; 19
19:26:41; 8; Undefined index: post_date; C:\xampp\htdocs\refector\app\views\posts_category.php; 22
19:26:41; 8; Undefined index: post_author; C:\xampp\htdocs\refector\app\views\posts_category.php; 23
19:26:41; 8; Undefined index: color; C:\xampp\htdocs\refector\app\views\posts_category.php; 24
19:27:23; 8; Undefined variable: current_page; C:\xampp\htdocs\refector\app\views\posts_category.php; 15
19:27:23; 8; Undefined index: post_image; C:\xampp\htdocs\refector\app\views\posts_category.php; 15
19:27:23; 8; Undefined index: post_title; C:\xampp\htdocs\refector\app\views\posts_category.php; 17
19:27:23; 8; Undefined index: post_content; C:\xampp\htdocs\refector\app\views\posts_category.php; 18
19:27:23; 8; Undefined index: id; C:\xampp\htdocs\refector\app\views\posts_category.php; 19
19:27:23; 8; Undefined index: post_date; C:\xampp\htdocs\refector\app\views\posts_category.php; 22
19:27:23; 8; Undefined index: post_author; C:\xampp\htdocs\refector\app\views\posts_category.php; 23
19:27:23; 8; Undefined index: color; C:\xampp\htdocs\refector\app\views\posts_category.php; 24
19:27:23; 8; Undefined variable: current_page; C:\xampp\htdocs\refector\app\views\posts_category.php; 15
19:27:23; 8; Undefined index: post_image; C:\xampp\htdocs\refector\app\views\posts_category.php; 15
19:27:23; 8; Undefined index: post_title; C:\xampp\htdocs\refector\app\views\posts_category.php; 17
19:27:23; 8; Undefined index: post_content; C:\xampp\htdocs\refector\app\views\posts_category.php; 18
19:27:23; 8; Undefined index: id; C:\xampp\htdocs\refector\app\views\posts_category.php; 19
19:27:23; 8; Undefined index: post_date; C:\xampp\htdocs\refector\app\views\posts_category.php; 22
19:27:23; 8; Undefined index: post_author; C:\xampp\htdocs\refector\app\views\posts_category.php; 23
19:27:23; 8; Undefined index: color; C:\xampp\htdocs\refector\app\views\posts_category.php; 24
19:28:52; 8; Undefined variable: current_page; C:\xampp\htdocs\refector\app\views\posts_category.php; 18
19:28:52; 8; Undefined variable: current_page; C:\xampp\htdocs\refector\app\views\posts_category.php; 18
19:28:52; 8; Undefined variable: current_page; C:\xampp\htdocs\refector\app\views\posts_category.php; 18
19:28:52; 8; Undefined variable: current_page; C:\xampp\htdocs\refector\app\views\posts_category.php; 18
19:28:52; 8; Undefined variable: current_page; C:\xampp\htdocs\refector\app\views\posts_category.php; 18
19:28:52; 8; Undefined variable: current_page; C:\xampp\htdocs\refector\app\views\posts_category.php; 18
19:28:52; 8; Undefined variable: current_page; C:\xampp\htdocs\refector\app\views\posts_category.php; 18
19:28:52; 8; Undefined variable: current_page; C:\xampp\htdocs\refector\app\views\posts_category.php; 18
19:30:32; 8; Undefined index: post_image; C:\xampp\htdocs\refector\app\views\posts_category.php; 18
19:30:32; 8; Undefined index: post_image; C:\xampp\htdocs\refector\app\views\posts_category.php; 18
19:30:32; 8; Undefined index: post_image; C:\xampp\htdocs\refector\app\views\posts_category.php; 18
19:30:32; 8; Undefined index: post_image; C:\xampp\htdocs\refector\app\views\posts_category.php; 18
19:30:32; 8; Undefined index: post_image; C:\xampp\htdocs\refector\app\views\posts_category.php; 18
19:30:32; 8; Undefined index: post_image; C:\xampp\htdocs\refector\app\views\posts_category.php; 18
19:30:32; 8; Undefined index: post_image; C:\xampp\htdocs\refector\app\views\posts_category.php; 18
19:30:32; 8; Undefined index: post_image; C:\xampp\htdocs\refector\app\views\posts_category.php; 18
19:30:47; 8; Undefined index: post_image; C:\xampp\htdocs\refector\app\views\posts_category.php; 18
19:30:47; 8; Undefined index: post_image; C:\xampp\htdocs\refector\app\views\posts_category.php; 18
19:30:47; 8; Undefined index: post_image; C:\xampp\htdocs\refector\app\views\posts_category.php; 18
19:30:47; 8; Undefined index: post_image; C:\xampp\htdocs\refector\app\views\posts_category.php; 18
19:30:47; 8; Undefined index: post_image; C:\xampp\htdocs\refector\app\views\posts_category.php; 18
19:30:47; 8; Undefined index: post_image; C:\xampp\htdocs\refector\app\views\posts_category.php; 18
19:30:47; 8; Undefined index: post_image; C:\xampp\htdocs\refector\app\views\posts_category.php; 18
19:30:47; 8; Undefined index: post_image; C:\xampp\htdocs\refector\app\views\posts_category.php; 18
19:34:45; 8; Undefined variable: categories; C:\xampp\htdocs\refector\app\views\posts_category.php; 45
19:34:45; 2; Invalid argument supplied for foreach(); C:\xampp\htdocs\refector\app\views\posts_category.php; 45
19:36:11; 8; Undefined variable: current_page; C:\xampp\htdocs\refector\app\views\posts_category.php; 22
19:36:11; 8; Undefined variable: current_page; C:\xampp\htdocs\refector\app\views\posts_category.php; 22
19:36:11; 8; Undefined variable: current_page; C:\xampp\htdocs\refector\app\views\posts_category.php; 22
19:36:11; 8; Undefined variable: current_page; C:\xampp\htdocs\refector\app\views\posts_category.php; 22
19:36:11; 8; Undefined variable: current_page; C:\xampp\htdocs\refector\app\views\posts_category.php; 22
19:36:11; 8; Undefined variable: current_page; C:\xampp\htdocs\refector\app\views\posts_category.php; 22
19:36:11; 8; Undefined variable: current_page; C:\xampp\htdocs\refector\app\views\posts_category.php; 22
19:36:11; 8; Undefined variable: current_page; C:\xampp\htdocs\refector\app\views\posts_category.php; 22
19:36:11; 8; Undefined variable: current_page; C:\xampp\htdocs\refector\app\views\posts_category.php; 42
19:36:11; 8; Undefined variable: count_rows; C:\xampp\htdocs\refector\app\views\posts_category.php; 44
19:36:11; 8; Undefined variable: count_rows; C:\xampp\htdocs\refector\app\views\posts_category.php; 50
19:36:11; 8; Undefined variable: count_rows; C:\xampp\htdocs\refector\app\views\posts_category.php; 50
19:36:11; 2; include(search.php): failed to open stream: No such file or directory; C:\xampp\htdocs\refector\app\views\posts_category.php; 64
19:36:11; 2; include(): Failed opening 'search.php' for inclusion (include_path='C:\xampp\php\PEAR'); C:\xampp\htdocs\refector\app\views\posts_category.php; 64
19:36:11; 2; include(widget.php): failed to open stream: No such file or directory; C:\xampp\htdocs\refector\app\views\posts_category.php; 131
19:36:11; 2; include(): Failed opening 'widget.php' for inclusion (include_path='C:\xampp\php\PEAR'); C:\xampp\htdocs\refector\app\views\posts_category.php; 131
19:36:12; 8; Undefined variable: current_page; C:\xampp\htdocs\refector\app\views\posts_category.php; 42
19:36:12; 8; Undefined variable: count_rows; C:\xampp\htdocs\refector\app\views\posts_category.php; 44
19:36:12; 8; Undefined variable: count_rows; C:\xampp\htdocs\refector\app\views\posts_category.php; 50
19:36:12; 8; Undefined variable: count_rows; C:\xampp\htdocs\refector\app\views\posts_category.php; 50
19:36:12; 2; include(search.php): failed to open stream: No such file or directory; C:\xampp\htdocs\refector\app\views\posts_category.php; 64
19:36:12; 2; include(): Failed opening 'search.php' for inclusion (include_path='C:\xampp\php\PEAR'); C:\xampp\htdocs\refector\app\views\posts_category.php; 64
19:36:12; 2; include(widget.php): failed to open stream: No such file or directory; C:\xampp\htdocs\refector\app\views\posts_category.php; 131
19:36:12; 2; include(): Failed opening 'widget.php' for inclusion (include_path='C:\xampp\php\PEAR'); C:\xampp\htdocs\refector\app\views\posts_category.php; 131
19:36:12; 8; Undefined variable: current_page; C:\xampp\htdocs\refector\app\views\posts_category.php; 42
19:36:12; 8; Undefined variable: count_rows; C:\xampp\htdocs\refector\app\views\posts_category.php; 44
19:36:12; 8; Undefined variable: count_rows; C:\xampp\htdocs\refector\app\views\posts_category.php; 50
19:36:12; 8; Undefined variable: count_rows; C:\xampp\htdocs\refector\app\views\posts_category.php; 50
19:36:12; 2; include(search.php): failed to open stream: No such file or directory; C:\xampp\htdocs\refector\app\views\posts_category.php; 64
19:36:12; 2; include(): Failed opening 'search.php' for inclusion (include_path='C:\xampp\php\PEAR'); C:\xampp\htdocs\refector\app\views\posts_category.php; 64
19:36:12; 2; include(widget.php): failed to open stream: No such file or directory; C:\xampp\htdocs\refector\app\views\posts_category.php; 131
19:36:12; 2; include(): Failed opening 'widget.php' for inclusion (include_path='C:\xampp\php\PEAR'); C:\xampp\htdocs\refector\app\views\posts_category.php; 131
19:36:50; 8; Undefined variable: current_page; C:\xampp\htdocs\refector\app\views\posts_category.php; 24
19:36:50; 8; Undefined variable: current_page; C:\xampp\htdocs\refector\app\views\posts_category.php; 24
19:36:50; 8; Undefined variable: current_page; C:\xampp\htdocs\refector\app\views\posts_category.php; 24
19:36:50; 8; Undefined variable: current_page; C:\xampp\htdocs\refector\app\views\posts_category.php; 24
19:36:50; 8; Undefined variable: current_page; C:\xampp\htdocs\refector\app\views\posts_category.php; 24
19:36:50; 8; Undefined variable: current_page; C:\xampp\htdocs\refector\app\views\posts_category.php; 24
19:36:50; 8; Undefined variable: current_page; C:\xampp\htdocs\refector\app\views\posts_category.php; 24
19:36:50; 8; Undefined variable: current_page; C:\xampp\htdocs\refector\app\views\posts_category.php; 24
19:36:50; 8; Undefined variable: current_page; C:\xampp\htdocs\refector\app\views\posts_category.php; 44
19:36:50; 8; Undefined variable: count_rows; C:\xampp\htdocs\refector\app\views\posts_category.php; 46
19:36:50; 8; Undefined variable: count_rows; C:\xampp\htdocs\refector\app\views\posts_category.php; 52
19:36:50; 8; Undefined variable: count_rows; C:\xampp\htdocs\refector\app\views\posts_category.php; 52
19:36:50; 2; include(search.php): failed to open stream: No such file or directory; C:\xampp\htdocs\refector\app\views\posts_category.php; 66
19:36:50; 2; include(): Failed opening 'search.php' for inclusion (include_path='C:\xampp\php\PEAR'); C:\xampp\htdocs\refector\app\views\posts_category.php; 66
19:36:50; 2; include(widget.php): failed to open stream: No such file or directory; C:\xampp\htdocs\refector\app\views\posts_category.php; 133
19:36:50; 2; include(): Failed opening 'widget.php' for inclusion (include_path='C:\xampp\php\PEAR'); C:\xampp\htdocs\refector\app\views\posts_category.php; 133
19:36:50; 8; Undefined variable: current_page; C:\xampp\htdocs\refector\app\views\posts_category.php; 44
19:36:50; 8; Undefined variable: count_rows; C:\xampp\htdocs\refector\app\views\posts_category.php; 46
19:36:50; 8; Undefined variable: count_rows; C:\xampp\htdocs\refector\app\views\posts_category.php; 52
19:36:50; 8; Undefined variable: count_rows; C:\xampp\htdocs\refector\app\views\posts_category.php; 52
19:36:50; 2; include(search.php): failed to open stream: No such file or directory; C:\xampp\htdocs\refector\app\views\posts_category.php; 66
19:36:50; 2; include(): Failed opening 'search.php' for inclusion (include_path='C:\xampp\php\PEAR'); C:\xampp\htdocs\refector\app\views\posts_category.php; 66
19:36:50; 2; include(widget.php): failed to open stream: No such file or directory; C:\xampp\htdocs\refector\app\views\posts_category.php; 133
19:36:50; 2; include(): Failed opening 'widget.php' for inclusion (include_path='C:\xampp\php\PEAR'); C:\xampp\htdocs\refector\app\views\posts_category.php; 133
19:36:50; 8; Undefined variable: current_page; C:\xampp\htdocs\refector\app\views\posts_category.php; 44
19:36:50; 8; Undefined variable: count_rows; C:\xampp\htdocs\refector\app\views\posts_category.php; 46
19:36:50; 8; Undefined variable: count_rows; C:\xampp\htdocs\refector\app\views\posts_category.php; 52
19:36:50; 8; Undefined variable: count_rows; C:\xampp\htdocs\refector\app\views\posts_category.php; 52
19:36:50; 2; include(search.php): failed to open stream: No such file or directory; C:\xampp\htdocs\refector\app\views\posts_category.php; 66
19:36:50; 2; include(): Failed opening 'search.php' for inclusion (include_path='C:\xampp\php\PEAR'); C:\xampp\htdocs\refector\app\views\posts_category.php; 66
19:36:50; 2; include(widget.php): failed to open stream: No such file or directory; C:\xampp\htdocs\refector\app\views\posts_category.php; 133
19:36:50; 2; include(): Failed opening 'widget.php' for inclusion (include_path='C:\xampp\php\PEAR'); C:\xampp\htdocs\refector\app\views\posts_category.php; 133
19:38:11; 8; Undefined variable: current_page; C:\xampp\htdocs\refector\app\views\posts_category.php; 24
19:38:11; 8; Undefined variable: current_page; C:\xampp\htdocs\refector\app\views\posts_category.php; 24
19:38:11; 8; Undefined variable: current_page; C:\xampp\htdocs\refector\app\views\posts_category.php; 24
19:38:11; 8; Undefined variable: current_page; C:\xampp\htdocs\refector\app\views\posts_category.php; 24
19:38:11; 8; Undefined variable: current_page; C:\xampp\htdocs\refector\app\views\posts_category.php; 24
19:38:11; 8; Undefined variable: current_page; C:\xampp\htdocs\refector\app\views\posts_category.php; 24
19:38:11; 8; Undefined variable: current_page; C:\xampp\htdocs\refector\app\views\posts_category.php; 24
19:38:11; 8; Undefined variable: current_page; C:\xampp\htdocs\refector\app\views\posts_category.php; 24
19:38:11; 8; Undefined variable: current_page; C:\xampp\htdocs\refector\app\views\posts_category.php; 44
19:38:11; 8; Undefined variable: count_rows; C:\xampp\htdocs\refector\app\views\posts_category.php; 46
19:38:11; 8; Undefined variable: count_rows; C:\xampp\htdocs\refector\app\views\posts_category.php; 52
19:38:11; 8; Undefined variable: count_rows; C:\xampp\htdocs\refector\app\views\posts_category.php; 52
19:38:11; 8; Undefined variable: current_page; C:\xampp\htdocs\refector\app\views\posts_category.php; 44
19:38:11; 8; Undefined variable: count_rows; C:\xampp\htdocs\refector\app\views\posts_category.php; 46
19:38:11; 8; Undefined variable: count_rows; C:\xampp\htdocs\refector\app\views\posts_category.php; 52
19:38:11; 8; Undefined variable: count_rows; C:\xampp\htdocs\refector\app\views\posts_category.php; 52
19:38:11; 8; Undefined variable: current_page; C:\xampp\htdocs\refector\app\views\posts_category.php; 44
19:38:11; 8; Undefined variable: count_rows; C:\xampp\htdocs\refector\app\views\posts_category.php; 46
19:38:11; 8; Undefined variable: count_rows; C:\xampp\htdocs\refector\app\views\posts_category.php; 52
19:38:11; 8; Undefined variable: count_rows; C:\xampp\htdocs\refector\app\views\posts_category.php; 52
19:39:36; 8; Undefined variable: current_page; C:\xampp\htdocs\refector\app\views\posts_category.php; 29
19:39:36; 8; Undefined variable: current_page; C:\xampp\htdocs\refector\app\views\posts_category.php; 29
19:39:36; 8; Undefined variable: current_page; C:\xampp\htdocs\refector\app\views\posts_category.php; 29
19:39:36; 8; Undefined variable: current_page; C:\xampp\htdocs\refector\app\views\posts_category.php; 29
19:39:36; 8; Undefined variable: current_page; C:\xampp\htdocs\refector\app\views\posts_category.php; 29
19:39:36; 8; Undefined variable: current_page; C:\xampp\htdocs\refector\app\views\posts_category.php; 29
19:39:36; 8; Undefined variable: current_page; C:\xampp\htdocs\refector\app\views\posts_category.php; 29
19:39:36; 8; Undefined variable: current_page; C:\xampp\htdocs\refector\app\views\posts_category.php; 29
19:39:36; 8; Undefined variable: current_page; C:\xampp\htdocs\refector\app\views\posts_category.php; 49
19:39:36; 8; Undefined variable: count_rows; C:\xampp\htdocs\refector\app\views\posts_category.php; 51
19:39:36; 8; Undefined variable: count_rows; C:\xampp\htdocs\refector\app\views\posts_category.php; 57
19:39:36; 8; Undefined variable: count_rows; C:\xampp\htdocs\refector\app\views\posts_category.php; 57
19:39:36; 8; Undefined variable: current_page; C:\xampp\htdocs\refector\app\views\posts_category.php; 49
19:39:36; 8; Undefined variable: count_rows; C:\xampp\htdocs\refector\app\views\posts_category.php; 51
19:39:36; 8; Undefined variable: count_rows; C:\xampp\htdocs\refector\app\views\posts_category.php; 57
19:39:36; 8; Undefined variable: count_rows; C:\xampp\htdocs\refector\app\views\posts_category.php; 57
19:39:36; 8; Undefined variable: current_page; C:\xampp\htdocs\refector\app\views\posts_category.php; 49
19:39:36; 8; Undefined variable: count_rows; C:\xampp\htdocs\refector\app\views\posts_category.php; 51
19:39:36; 8; Undefined variable: count_rows; C:\xampp\htdocs\refector\app\views\posts_category.php; 57
19:39:36; 8; Undefined variable: count_rows; C:\xampp\htdocs\refector\app\views\posts_category.php; 57
19:39:47; 8; Undefined variable: current_page; C:\xampp\htdocs\refector\app\views\posts_category.php; 29
19:39:47; 8; Undefined variable: current_page; C:\xampp\htdocs\refector\app\views\posts_category.php; 29
19:39:47; 8; Undefined variable: current_page; C:\xampp\htdocs\refector\app\views\posts_category.php; 29
19:39:47; 8; Undefined variable: current_page; C:\xampp\htdocs\refector\app\views\posts_category.php; 29
19:39:47; 8; Undefined variable: current_page; C:\xampp\htdocs\refector\app\views\posts_category.php; 29
19:39:47; 8; Undefined variable: current_page; C:\xampp\htdocs\refector\app\views\posts_category.php; 29
19:39:47; 8; Undefined variable: current_page; C:\xampp\htdocs\refector\app\views\posts_category.php; 29
19:39:47; 8; Undefined variable: current_page; C:\xampp\htdocs\refector\app\views\posts_category.php; 29
19:39:47; 8; Undefined variable: current_page; C:\xampp\htdocs\refector\app\views\posts_category.php; 49
19:39:47; 8; Undefined variable: count_rows; C:\xampp\htdocs\refector\app\views\posts_category.php; 51
19:39:47; 8; Undefined variable: count_rows; C:\xampp\htdocs\refector\app\views\posts_category.php; 57
19:39:47; 8; Undefined variable: count_rows; C:\xampp\htdocs\refector\app\views\posts_category.php; 57
19:39:47; 8; Undefined variable: current_page; C:\xampp\htdocs\refector\app\views\posts_category.php; 49
19:39:47; 8; Undefined variable: count_rows; C:\xampp\htdocs\refector\app\views\posts_category.php; 51
19:39:47; 8; Undefined variable: count_rows; C:\xampp\htdocs\refector\app\views\posts_category.php; 57
19:39:47; 8; Undefined variable: count_rows; C:\xampp\htdocs\refector\app\views\posts_category.php; 57
19:39:47; 8; Undefined variable: current_page; C:\xampp\htdocs\refector\app\views\posts_category.php; 49
19:39:47; 8; Undefined variable: count_rows; C:\xampp\htdocs\refector\app\views\posts_category.php; 51
19:39:47; 8; Undefined variable: count_rows; C:\xampp\htdocs\refector\app\views\posts_category.php; 57
19:39:47; 8; Undefined variable: count_rows; C:\xampp\htdocs\refector\app\views\posts_category.php; 57
19:40:04; 8; Undefined variable: current_page; C:\xampp\htdocs\refector\app\views\posts_category.php; 29
19:40:04; 8; Undefined variable: current_page; C:\xampp\htdocs\refector\app\views\posts_category.php; 29
19:40:04; 8; Undefined variable: current_page; C:\xampp\htdocs\refector\app\views\posts_category.php; 29
19:40:04; 8; Undefined variable: current_page; C:\xampp\htdocs\refector\app\views\posts_category.php; 29
19:40:04; 8; Undefined variable: current_page; C:\xampp\htdocs\refector\app\views\posts_category.php; 29
19:40:04; 8; Undefined variable: current_page; C:\xampp\htdocs\refector\app\views\posts_category.php; 29
19:40:04; 8; Undefined variable: current_page; C:\xampp\htdocs\refector\app\views\posts_category.php; 29
19:40:04; 8; Undefined variable: current_page; C:\xampp\htdocs\refector\app\views\posts_category.php; 29
19:40:04; 8; Undefined variable: current_page; C:\xampp\htdocs\refector\app\views\posts_category.php; 49
19:40:04; 8; Undefined variable: count_rows; C:\xampp\htdocs\refector\app\views\posts_category.php; 51
19:40:04; 8; Undefined variable: count_rows; C:\xampp\htdocs\refector\app\views\posts_category.php; 57
19:40:04; 8; Undefined variable: count_rows; C:\xampp\htdocs\refector\app\views\posts_category.php; 57
19:40:05; 8; Undefined variable: current_page; C:\xampp\htdocs\refector\app\views\posts_category.php; 49
19:40:05; 8; Undefined variable: count_rows; C:\xampp\htdocs\refector\app\views\posts_category.php; 51
19:40:05; 8; Undefined variable: count_rows; C:\xampp\htdocs\refector\app\views\posts_category.php; 57
19:40:05; 8; Undefined variable: count_rows; C:\xampp\htdocs\refector\app\views\posts_category.php; 57
19:40:05; 8; Undefined variable: current_page; C:\xampp\htdocs\refector\app\views\posts_category.php; 49
19:40:05; 8; Undefined variable: count_rows; C:\xampp\htdocs\refector\app\views\posts_category.php; 51
19:40:05; 8; Undefined variable: count_rows; C:\xampp\htdocs\refector\app\views\posts_category.php; 57
19:40:05; 8; Undefined variable: count_rows; C:\xampp\htdocs\refector\app\views\posts_category.php; 57
19:40:14; 8; Undefined variable: current_page; C:\xampp\htdocs\refector\app\views\posts_category.php; 29
19:40:14; 8; Undefined variable: current_page; C:\xampp\htdocs\refector\app\views\posts_category.php; 29
19:40:14; 8; Undefined variable: current_page; C:\xampp\htdocs\refector\app\views\posts_category.php; 29
19:40:14; 8; Undefined variable: current_page; C:\xampp\htdocs\refector\app\views\posts_category.php; 29
19:40:14; 8; Undefined variable: current_page; C:\xampp\htdocs\refector\app\views\posts_category.php; 29
19:40:14; 8; Undefined variable: current_page; C:\xampp\htdocs\refector\app\views\posts_category.php; 29
19:40:14; 8; Undefined variable: current_page; C:\xampp\htdocs\refector\app\views\posts_category.php; 29
19:40:14; 8; Undefined variable: current_page; C:\xampp\htdocs\refector\app\views\posts_category.php; 29
19:40:14; 8; Undefined variable: current_page; C:\xampp\htdocs\refector\app\views\posts_category.php; 49
19:40:14; 8; Undefined variable: count_rows; C:\xampp\htdocs\refector\app\views\posts_category.php; 51
19:40:14; 8; Undefined variable: count_rows; C:\xampp\htdocs\refector\app\views\posts_category.php; 57
19:40:14; 8; Undefined variable: count_rows; C:\xampp\htdocs\refector\app\views\posts_category.php; 57
19:40:14; 8; Undefined variable: current_page; C:\xampp\htdocs\refector\app\views\posts_category.php; 49
19:40:14; 8; Undefined variable: count_rows; C:\xampp\htdocs\refector\app\views\posts_category.php; 51
19:40:14; 8; Undefined variable: count_rows; C:\xampp\htdocs\refector\app\views\posts_category.php; 57
19:40:14; 8; Undefined variable: count_rows; C:\xampp\htdocs\refector\app\views\posts_category.php; 57
19:40:14; 8; Undefined variable: current_page; C:\xampp\htdocs\refector\app\views\posts_category.php; 49
19:40:14; 8; Undefined variable: count_rows; C:\xampp\htdocs\refector\app\views\posts_category.php; 51
19:40:14; 8; Undefined variable: count_rows; C:\xampp\htdocs\refector\app\views\posts_category.php; 57
19:40:14; 8; Undefined variable: count_rows; C:\xampp\htdocs\refector\app\views\posts_category.php; 57
